0	5
0	15
0	36
0	38
0	45
1	29
2	4
3	29
4	1
4	8
5	2
5	21
5	24
6	41
7	2
8	27
8	48
9	26
10	9
11	45
12	26
12	33
13	26
13	33
14	27
15	5
15	33
16	20
17	31
17	39
18	23
18	25
18	26
18	29
19	26
20	7
21	48
22	25
22	33
22	43
23	9
24	39
24	48
25	27
25	39
26	35
26	38
27	9
28	5
29	2
29	23
30	2
30	45
31	4
31	12
31	16
31	38
32	2
32	4
33	22
34	2
34	19
34	30
35	37
36	22
37	6
37	13
37	22
37	28
38	12
38	31
39	23
39	25
40	47
41	21
42	19
42	33
43	19
44	41
45	12
45	23
46	12
47	5
47	12
47	29
47	33
47	41
47	43
48	44
49	5
49	22
49	31
50	3
50	5
50	7
51	34
52	5
52	37
53	35
54	8
55	41
56	30
57	30
58	11
59	16
59	23
59	30
60	12
60	22
60	45
61	40
62	10
63	47
64	36
65	27
66	36
67	5
67	34
68	5
69	2
69	12
69	45
70	38
71	25
72	10
73	47
74	6
74	15
74	22
75	6
75	18
75	44
76	18
76	29
77	18
78	33
79	22
80	36
81	7
81	45
81	48
82	24
83	7
83	47
84	48
85	33
86	33
87	23
88	3
88	7
89	35
90	16
90	35
91	7
92	43
93	12
94	35
95	18
95	36
96	29
97	12
98	29
99	35
99	44
100	13
100	17
101	9
101	26
102	31
103	2
104	47
105	4
106	2
106	9
107	18
108	4
109	18
110	34
111	5
112	10
113	4
113	12
113	21
114	33
115	6
115	13
115	15
115	17
115	28
116	30
117	6
117	40
117	44
118	6
119	2
119	3
119	7
119	9
120	48
121	25
121	43
122	33
123	6
123	28
124	43
125	37
126	26
126	47
127	5
128	22
129	20
129	35
130	15
131	0
131	36
131	40
132	19
133	9
134	13
134	17
135	48
136	15
137	10
138	7
138	41
139	19
140	27
140	46
141	2
141	7
141	23
142	13
143	25
144	9
145	18
146	22
147	20
148	41
149	3
149	15
149	38
149	40
149	41
149	44
150	22
151	26
152	5
153	18
154	22
154	28
155	47
156	3
156	9
157	9
158	5
158	35
159	35
160	6
160	9
160	28
161	1
162	6
162	22
162	36
163	28
164	22
165	38
166	12
166	42
167	12
167	42
168	3
169	42
170	3
170	41
171	7
172	2
173	4
174	3
174	7
174	27
175	21
176	8
177	15
177	37
178	23
179	29
180	10
180	12
181	12
181	20
182	6
183	8
184	36
185	21
186	15
187	23
188	29
188	47
189	8
189	12
189	27
189	41
190	39
191	20
192	31
192	37
192	48
193	30
194	21
194	34
194	37
194	39
194	48
195	8
196	6
196	22
196	24
196	31
196	37
196	39
196	48
197	37
197	39
198	22
198	31
198	40
198	44
198	49
199	27
200	47
201	12
201	14
201	16
202	34
202	43
203	47
204	34
205	25
205	35
206	29
207	35
207	42
208	44
209	36
209	37
210	14
211	31
212	9
212	26
213	39
214	47
215	40
216	23
217	23
217	35
217	37
218	30
219	33
220	31
220	34
220	39
221	24
221	31
221	34
221	36
222	23
222	47
223	23
224	2
224	31
225	34
226	8
226	27
226	41
227	27
227	31
227	41
228	10
229	30
230	6
230	13
230	15
230	17
230	22
231	25
232	34
233	18
234	6
234	13
234	17
235	15
236	31
237	32
238	8
238	15
238	18
238	40
239	22
239	42
240	10
240	23
241	6
242	6
242	15
243	21
244	41
245	3
246	33
247	40
248	15
249	8
250	40
251	9
252	19
252	21
253	35
254	29
255	0
255	47
256	30
257	22
257	39
258	2
258	27
259	12
259	13
259	17
259	22
260	40
260	48
261	43
261	49
262	45
262	48
263	47
264	48
265	8
265	14
265	34
266	9
266	33
267	2
268	3
268	7
269	19
269	30
270	2
270	19
271	8
272	39
273	40
274	23
275	11
276	18
277	5
277	33
277	43
278	25
278	43
279	5
280	5
280	43
281	9
281	15
282	25
282	33
282	43
283	9
283	30
283	48
284	0
284	12
284	20
285	30
286	9
287	6
288	31
288	39
288	48
289	3
290	31
290	36
291	23
292	9
292	15
293	39
293	41
294	0
295	4
296	10
297	38
298	4
299	29
299	34
299	47
300	13
301	5
302	42
303	35
303	42
304	3
304	7
304	15
304	31
305	23
306	42
307	26
308	9
309	43
310	40
311	47
312	29
313	5
314	6
314	39
315	36
316	5
316	42
317	5
318	8
319	47
320	0
320	47
321	9
321	10
321	27
322	25
323	35
324	23
325	30
326	30
327	26
328	30
329	31
330	30
331	14
331	30
332	30
333	2
333	30
334	18
335	35
335	38
336	41
337	35
338	31
339	27
340	10
341	34
342	20
343	34
344	34
344	47
345	34
346	5
346	27
346	34
346	40
346	49
347	5
347	40
348	34
349	18
350	18
350	42
351	3
351	36
352	40
353	17
354	34
355	5
356	11
357	31
358	30
358	35
359	3
360	12
360	16
360	19
361	41
362	1
363	3
363	7
363	45
364	35
365	15
366	33
367	31
368	20
369	13
369	17
369	19
370	12
370	18
370	27
370	41
370	42
371	29
372	20
372	32
373	18
374	8
375	10
376	5
376	43
377	22
377	36
378	44
379	2
379	4
379	16
380	9
380	19
380	23
380	45
381	16
382	10
383	16
383	25
383	33
384	6
384	28
384	31
384	36
384	48
385	12
385	25
386	38
387	31
387	34
388	13
389	15
389	39
389	45
390	0
391	9
391	13
391	17
391	37
392	28
392	48
393	8
393	22
394	25
395	22
396	41
397	4
398	36
399	6
399	22
400	38
401	2
401	45
402	36
403	11
404	5
404	43
405	26
406	25
407	31
408	10
409	6
410	31
410	40
411	13
411	42
412	3
412	36
413	8
414	8
415	31
415	40
416	9
416	25
417	3
417	49
418	47
419	10
419	39
419	48
420	40
421	9
421	39
422	16
422	19
422	40
423	8
423	9
423	27
423	38
424	33
425	40
426	26
426	33
427	20
427	25
427	42
428	10
428	26
429	3
429	31
429	36
430	37
431	40
432	43
433	21
434	39
434	40
435	0
436	2
436	23
437	18
437	48
438	25
439	25
440	25
441	27
441	41
442	25
443	15
444	23
445	22
446	1
446	12
446	42
447	2
447	16
447	36
448	20
448	25
448	33
449	22
450	4
451	4
451	16
452	4
453	18
454	9
454	15
454	38
455	9
456	33
457	33
458	9
458	42
459	9
460	37
461	39
462	2
462	8
462	14
462	26
462	30
462	37
463	16
463	22
463	37
464	34
465	13
466	2
467	47
468	19
468	30
469	47
470	9
470	39
470	49
471	5
472	31
473	47
474	29
475	26
476	2
476	30
476	45
477	9
477	23
478	4
478	16
479	26
480	20
481	34
482	29
483	34
483	47
484	2
485	9
485	40
486	5
486	43
487	33
487	43
488	9
489	2
489	18
489	19
490	36
491	20
492	8
493	27
493	34
494	23
495	26
495	39
495	45
496	45
497	19
497	23
497	45
498	9
498	13
498	15
498	23
498	27
499	33
500	5
500	12
500	29
500	43
501	8
502	18
503	18
504	40
505	36
505	43
506	31
507	12
507	42
508	19
509	3
510	2
511	34
512	5
513	4
513	8
514	6
515	10
516	29
517	7
517	18
518	24
518	48
519	9
520	19
521	41
522	35
523	39
524	7
525	24
525	45
526	6
526	13
526	17
527	3
527	7
528	45
529	33
530	3
530	9
531	2
531	16
531	19
531	34
531	40
532	37
533	39
534	16
535	16
536	22
537	4
538	4
539	46
539	49
540	22
541	25
542	33
543	30
544	6
544	37
545	36
546	39
547	41
548	5
549	4
549	16
550	47
551	40
552	18
553	19
553	27
553	41
554	6
554	13
554	22
554	28
555	5
556	10
557	33
557	43
558	2
559	7
560	7
560	15
560	27
561	2
562	22
563	2
564	40
565	9
566	5
566	25
567	20
568	3
568	10
568	23
569	2
570	9
571	10
572	47
573	5
574	18
574	45
575	45
576	20
577	8
577	15
577	23
577	31
577	37
578	3
578	4
579	25
580	22
581	9
582	5
583	2
583	12
583	30
584	48
585	13
585	28
586	5
586	29
586	43
587	2
587	15
588	33
589	2
589	20
590	13
590	22
590	28
591	13
591	17
591	28
591	42
592	23
593	40
594	39
594	48
595	13
595	17
596	4
597	5
598	42
598	48
599	33
600	6
601	31
601	36
602	39
603	42
604	23
604	34
604	40
605	1
605	31
605	48
606	34
607	31
608	31
608	45
609	32
610	3
610	19
610	21
611	10
611	34
612	34
613	31
614	2
614	31
614	34
615	10
616	31
616	40
616	48
617	31
618	36
619	27
619	45
620	13
621	18
621	39
622	2
623	5
624	12
624	23
625	22
626	42
627	17
628	12
629	18
629	39
629	48
630	35
631	34
632	5
633	35
634	8
634	32
635	12
635	20
636	12
636	18
636	22
637	31
637	34
637	40
638	6
638	13
638	15
638	22
638	39
639	15
639	22
640	22
641	22
641	25
641	26
641	33
642	26
643	26
644	30
645	45
646	8
646	24
646	31
646	38
647	39
648	25
649	42
650	3
650	7
651	35
651	38
651	42
652	20
653	25
654	20
655	22
656	9
656	18
656	31
657	14
658	35
659	48
660	1
660	3
660	7
660	46
661	21
662	2
663	39
664	8
664	13
664	27
664	28
664	39
665	36
666	39
667	40
668	13
668	17
669	25
669	43
670	37
671	33
671	35
672	6
672	28
673	5
674	1
674	6
674	15
674	27
674	31
674	36
674	39
674	45
674	48
675	15
675	39
675	47
675	48
676	23
676	25
677	34
677	47
678	43
679	25
680	41
681	13
682	5
683	7
684	22
685	43
686	8
687	3
687	7
687	8
688	9
688	15
689	8
690	38
691	2
692	41
693	49
694	48
695	1
696	8
696	19
696	25
696	43
697	43
698	6
698	15
698	31
699	6
700	19
701	39
702	22
702	42
703	23
703	30
704	25
705	20
706	31
706	36
707	29
708	26
709	20
709	34
710	20
710	25
711	6
711	39
712	9
713	39
714	29
715	39
716	10
717	31
718	18
719	5
719	30
719	37
720	8
721	13
722	19
723	10
724	7
725	18
726	12
726	25
727	12
727	33
727	43
728	12
728	25
728	32
729	31
729	34
730	12
730	25
730	41
731	31
732	4
732	16
733	5
734	31
735	40
736	31
737	15
738	3
739	3
739	8
739	27
739	31
740	8
741	1
741	15
742	47
743	26
744	5
745	7
746	47
747	2
747	4
747	9
747	16
747	19
747	30
747	37
747	45
748	8
749	9
750	41
751	2
751	38
752	19
753	13
753	40
754	3
754	7
754	12
754	20
754	43
755	13
755	17
756	3
757	8
758	7
758	34
759	42
760	33
761	27
762	39
762	41
763	5
763	33
763	43
764	2
765	39
766	9
767	31
768	34
768	40
769	21
769	41
770	10
771	27
772	31
773	10
774	2
774	19
774	30
774	45
775	19
775	30
776	25
776	45
777	30
777	34
778	10
779	47
780	29
780	40
781	30
782	33
783	2
783	30
784	27
784	35
785	35
786	6
786	36
787	10
787	38
788	2
789	30
790	19
791	31
791	34
792	12
792	41
793	42
794	36
795	10
795	12
795	15
795	42
796	42
797	40
798	7
798	40
799	42
800	27
800	41
801	45
801	48
802	42
803	27
803	29
804	5
804	26
805	36
806	18
807	2
807	8
807	12
807	45
808	18
808	45
809	3
809	10
809	12
809	27
809	42
810	0
811	10
812	44
813	7
814	2
814	12
814	19
814	44
815	2
816	8
816	29
817	7
818	38
819	36
820	39
820	48
821	46
821	49
822	36
823	11
823	25
823	43
823	46
824	43
825	43
826	3
827	16
827	31
828	22
829	8
829	15
830	47
831	27
832	31
833	25
833	33
833	43
834	25
834	33
834	43
835	3
835	7
836	43
837	31
838	5
839	25
840	33
841	31
842	13
842	17
843	46
844	3
845	41
846	5
847	3
848	3
848	7
849	9
850	30
851	25
852	2
852	45
853	4
854	7
854	9
855	27
856	34
857	43
858	36
859	35
860	4
860	18
861	33
862	38
863	12
864	2
864	12
865	10
865	30
866	11
866	26
867	9
868	33
869	41
870	13
870	15
870	17
871	16
871	19
872	12
872	38
873	4
873	16
873	19
873	34
874	2
874	8
875	47
876	38
877	3
877	6
877	8
877	15
877	25
877	32
877	33
877	36
877	43
877	46
878	2
878	12
878	19
878	23
878	27
878	41
879	4
879	16
879	45
880	33
880	43
881	3
881	7
882	3
883	13
884	10
884	27
884	41
885	22
886	39
887	34
888	9
888	12
888	13
888	17
889	5
890	45
891	2
891	18
891	27
891	41
892	22
893	23
894	8
894	18
894	24
894	31
895	3
895	26
896	39
897	42
898	19
899	30
900	10
900	36
901	6
901	9
901	10
901	12
901	15
901	23
901	37
901	47
902	2
902	8
902	27
903	2
903	4
903	16
904	6
904	13
904	15
904	20
904	22
905	43
906	25
907	12
907	23
908	30
909	6
910	2
911	13
912	42
913	22
914	25
915	31
915	40
916	18
917	23
918	10
918	32
919	45
920	34
920	40
921	18
922	10
922	12
922	14
922	41
922	45
923	17
924	5
924	43
925	1
925	8
925	23
925	48
926	7
926	9
926	29
927	43
928	8
928	15
929	27
929	36
929	41
930	18
931	0
931	39
931	48
932	27
932	41
933	47
934	23
935	32
936	10
936	27
937	41
938	36
939	18
940	40
941	43
942	41
943	15
944	41
944	45
945	38
946	20
947	40
948	9
948	23
949	10
950	25
950	33
951	47
952	6
953	5
954	20
955	38
956	21
957	31
957	36
958	3
958	32
959	18
960	10
961	23
962	49
963	25
964	49
965	15
965	27
966	7
966	12
966	25
966	26
966	45
967	30
967	39
968	43
968	44
969	27
969	41
970	39
970	44
971	38
972	5
972	40
973	12
973	20
973	42
974	31
975	29
975	42
976	34
977	8
978	7
979	27
979	31
980	12
980	37
980	41
981	1
982	19
983	1
983	9
983	22
983	28
983	31
983	34
983	43
984	11
984	45
984	46
985	22
985	37
985	45
985	47
986	9
986	16
987	2
987	21
987	36
988	31
988	36
988	37
989	36
990	15
991	32
992	12
993	7
993	39
993	48
994	2
994	4
994	30
995	29
996	3
997	48
998	8
999	9
1000	19
1001	2
1001	12
1001	27
1002	6
1002	15
1002	18
1003	34
1003	41
1004	20
1005	8
1006	30
1007	25
1008	5
1009	5
1010	26
1011	28
1012	5
1013	26
1014	10
1015	19
1015	30
1016	8
1017	18
1017	38
1018	26
1019	35
1019	47
1020	45
1021	30
1022	25
1022	32
1022	33
1022	42
1022	43
1023	30
1024	2
1025	47
1026	13
1026	42
1027	23
1027	25
1027	37
1027	42
1028	23
1028	30
1029	30
1030	9
1030	34
1030	39
1031	26
1032	22
1033	40
1034	6
1035	40
1036	22
1036	28
1037	8
1038	34
1039	9
1040	10
1041	7
1041	40
1042	9
1043	9
1044	2
1044	19
1044	30
1044	41
1045	47
1046	10
1047	45
1048	26
1049	41
1050	14
1051	34
1052	3
1052	7
1052	12
1052	20
1053	30
1054	5
1054	29
1054	33
1054	43
1055	12
1055	42
1056	46
1057	11
1058	0
1059	5
1060	3
1061	6
1062	2
1063	12
1064	45
1065	18
1066	34
1067	18
1068	3
1068	34
1069	32
1070	34
1071	5
1071	47
1072	33
1073	10
1074	8
1074	19
1074	45
1075	13
1076	25
1076	33
1076	43
1077	25
1078	26
1079	29
1079	37
1080	12
1080	25
1080	41
1081	12
1081	25
1082	25
1083	12
1084	23
1085	29
1086	39
1087	16
1087	25
1088	2
1088	16
1088	19
1088	45
1089	5
1090	27
1090	41
1091	9
1092	13
1092	17
1092	39
1093	20
1094	29
1095	41
1096	29
1096	40
1097	34
1098	35
1099	42
1100	10
1101	10
1102	25
1102	32
1102	33
1102	43
1103	25
1103	33
1103	43
1104	25
1104	31
1104	33
1105	15
1105	37
1106	12
1106	25
1106	33
1106	43
1107	33
1107	43
1108	12
1108	25
1108	32
1108	33
1109	39
1110	40
1111	40
1112	20
1112	25
1113	2
1113	18
1114	15
1114	18
1115	33
1116	31
1117	48
1118	43
1119	21
1119	28
1119	31
1119	37
1120	3
1120	7
1121	34
1122	47
1123	2
1124	43
1125	1
1126	26
1126	33
1127	29
1128	29
1129	1
1129	37
1130	5
1131	34
1132	34
1133	4
1134	18
1135	43
1136	18
1137	10
1138	13
1138	28
1138	42
1139	8
1139	15
1139	31
1139	34
1139	37
1140	10
1140	25
1141	12
1141	33
1141	43
1142	16
1142	21
1142	34
1143	3
1143	7
1143	21
1144	9
1144	34
1145	43
1146	5
1146	40
1146	49
1147	5
1147	36
1148	13
1149	33
1149	43
1150	32
1151	47
1152	40
1153	27
1154	19
1155	26
1156	43
1157	20
1158	4
1158	16
1159	25
1159	33
1160	39
1161	25
1161	30
1162	47
1163	13
1163	27
1163	43
1163	45
1164	16
1164	19
1165	4
1165	45
1166	40
1167	20
1168	3
1168	5
1168	7
1168	8
1168	42
1169	45
1170	6
1171	18
1172	10
1173	22
1173	40
1174	41
1175	9
1175	15
1176	10
1177	36
1177	39
1177	48
1178	36
1179	39
1180	3
1180	7
1180	12
1180	35
1181	3
1181	7
1181	12
1182	35
1183	6
1183	27
1183	41
1184	1
1184	3
1184	15
1185	31
1186	27
1187	20
1188	29
1189	47
1190	47
1191	3
1192	10
1193	2
1194	5
1194	20
1194	43
1195	27
1195	34
1196	47
1197	47
1198	6
1198	9
1198	15
1198	18
1198	34
1199	30
1200	10
1201	5
1201	29
1201	33
1201	43
1202	39
1203	5
1203	49
1204	39
1204	48
1205	5
1205	45
1206	6
1206	15
1206	27
1206	36
1206	39
1206	48
1207	6
1208	25
1209	12
1209	33
1210	48
1211	39
1211	45
1211	48
1212	33
1213	20
1214	5
1215	21
1215	27
1216	30
1217	20
1217	25
1217	32
1217	33
1218	20
1219	22
1219	27
1219	35
1219	40
1219	41
1219	42
1220	43
1220	47
1221	3
1221	7
1221	47
1222	5
1222	33
1222	43
1223	5
1224	15
1225	15
1226	36
1227	9
1227	15
1227	27
1227	37
1227	41
1228	19
1228	38
1229	5
1230	6
1230	9
1230	15
1230	34
1231	47
1232	12
1232	15
1232	23
1232	37
1232	42
1233	2
1234	44
1235	20
1236	29
1237	8
1238	48
1239	12
1239	25
1240	8
1240	22
1240	31
1241	2
1241	10
1241	30
1242	8
1243	2
1244	23
1244	35
1245	3
1245	7
1246	3
1246	7
1246	41
1247	16
1248	1
1248	42
1249	12
1250	12
1250	20
1250	27
1250	39
1250	41
1251	1
1252	2
1253	25
1254	29
1255	39
1256	3
1256	7
1257	23
1257	37
1258	7
1258	12
1258	21
1258	28
1258	48
1259	25
1259	30
1260	9
1261	2
1261	3
1261	7
1261	12
1261	21
1262	25
1263	6
1263	28
1263	37
1264	12
1265	4
1265	12
1265	16
1265	19
1265	38
1266	45
1267	3
1267	7
1268	20
1268	35
1269	2
1270	28
1270	47
1270	49
1271	27
1272	21
1273	18
1273	28
1274	23
1275	12
1275	20
1275	25
1275	32
1276	4
1277	29
1278	10
1278	30
1279	13
1279	41
1280	1
1280	3
1280	7
1281	34
1282	3
1282	10
1283	30
1284	40
1284	47
1285	18
1286	18
1287	3
1288	2
1289	10
1290	9
1290	45
1291	5
1292	34
1293	29
1294	20
1294	23
1294	33
1294	43
1295	19
1295	25
1295	33
1295	43
1296	35
1297	8
1298	31
1299	13
1300	9
1300	22
1300	37
1301	31
1301	40
1302	26
1303	41
1304	41
1305	31
1305	40
1306	30
1307	40
1308	40
1309	33
1310	2
1310	20
1310	38
1311	12
1311	36
1311	40
1311	42
1312	30
1313	31
1313	36
1314	34
1315	27
1316	22
1317	13
1317	18
1317	39
1317	45
1317	48
1318	9
1318	34
1319	7
1320	6
1320	37
1320	39
1321	10
1321	23
1321	31
1321	34
1322	11
1322	34
1322	37
1322	46
1323	47
1324	17
1325	23
1325	45
1326	3
1326	7
1327	45
1328	40
1329	28
1329	39
1329	42
1330	20
1330	27
1330	41
1331	23
1331	29
1332	3
1332	7
1332	8
1332	12
1332	20
1333	12
1333	35
1334	3
1334	20
1334	27
1334	34
1334	41
1335	5
1336	8
1336	38
1337	15
1337	36
1338	25
1339	33
1340	9
1341	20
1342	3
1342	35
1342	37
1343	25
1343	30
1344	12
1344	23
1345	30
1346	25
1346	32
1347	13
1348	33
1349	5
1349	36
1350	47
1351	5
1352	42
1353	6
1353	8
1353	17
1354	8
1354	13
1355	6
1356	40
1357	12
1358	12
1359	2
1359	4
1359	6
1359	15
1359	35
1360	30
1361	10
1362	25
1363	25
1364	10
1365	35
1366	19
1366	30
1367	27
1368	24
1368	31
1369	5
1370	31
1370	40
1371	30
1372	36
1373	0
1374	5
1374	40
1374	49
1375	25
1376	18
1376	40
1377	25
1378	26
1378	33
1379	39
1380	2
1380	12
1380	19
1380	39
1380	41
1381	34
1382	10
1383	12
1384	5
1385	10
1385	39
1386	2
1387	10
1388	18
1389	26
1390	25
1390	32
1391	19
1391	45
1392	9
1392	26
1392	34
1393	44
1394	12
1394	27
1394	41
1395	2
1395	33
1396	22
1396	38
1396	42
1397	18
1397	34
1397	40
1398	3
1399	10
1400	47
1401	5
1402	27
1402	41
1403	3
1403	7
1404	12
1404	20
1404	42
1405	4
1405	9
1405	12
1405	37
1406	10
1407	23
1407	26
1408	18
1409	40
1410	43
1411	3
1411	7
1412	33
1413	38
1414	18
1414	29
1414	39
1415	25
1416	4
1417	27
1417	41
1418	12
1419	2
1419	8
1419	45
1420	34
1421	15
1421	27
1421	31
1421	36
1422	12
1422	21
1422	37
1423	25
1424	6
1424	13
1424	15
1424	17
1424	23
1424	28
1424	37
1424	39
1425	34
1426	9
1427	8
1428	6
1429	3
1429	7
1429	15
1429	23
1429	28
1430	45
1431	0
1432	10
1433	15
1434	15
1435	20
1436	34
1437	4
1437	16
1437	19
1437	41
1437	45
1438	5
1439	33
1440	26
1441	2
1441	19
1442	18
1443	3
1443	7
1444	21
1445	5
1445	43
1446	10
1447	40
1448	29
1449	27
1449	35
1449	41
1450	0
1451	5
1452	2
1453	26
1454	5
1455	3
1455	7
1456	34
1457	25
1457	32
1458	12
1458	21
1458	37
1459	8
1460	34
1461	7
1462	26
1462	33
1463	8
1464	40
1465	41
1466	15
1467	40
1468	10
1469	22
1469	37
1469	39
1469	48
1470	29
1470	33
1470	43
1471	10
1472	4
1472	16
1473	8
1474	26
1475	22
1476	49
1477	40
1478	47
1479	23
1480	4
1480	9
1480	36
1481	22
1482	6
1482	15
1482	24
1482	39
1482	48
1483	20
1484	7
1484	33
1485	33
1486	20
1487	7
1487	8
1488	24
1488	37
1488	40
1489	4
1490	9
1491	45
1491	48
1492	29
1493	47
1494	18
1495	5
1496	12
1496	25
1496	34
1497	5
1498	8
1498	13
1498	23
1498	37
1498	39
1499	13
1499	37
1499	39
1500	9
1500	13
1500	17
1500	37
1500	39
1501	37
1502	27
1502	41
1503	15
1504	25
1504	32
1505	27
1505	37
1505	41
1505	45
1506	34
1506	45
1507	35
1508	45
1509	47
1510	18
1511	12
1511	20
1512	26
1513	19
1513	31
1514	4
1514	45
1515	3
1515	7
1516	47
1517	25
1517	43
1518	11
1519	4
1519	21
1520	12
1520	20
1520	30
1521	43
1522	37
1522	44
1523	15
1523	18
1524	34
1525	34
1525	47
1526	40
1527	30
1528	14
1528	34
1528	45
1529	18
1529	37
1529	39
1529	48
1530	25
1530	32
1531	30
1532	40
1533	45
1534	3
1534	7
1535	8
1535	16
1535	18
1535	23
1536	22
1537	30
1538	33
1539	30
1540	2
1541	7
1541	31
1541	39
1541	48
1542	37
1543	13
1543	39
1544	26
1545	22
1546	40
1547	9
1548	13
1548	22
1548	39
1549	9
1549	12
1550	39
1551	22
1551	39
1552	40
1553	10
1554	10
1554	19
1555	38
1556	9
1556	26
1556	33
1556	46
1557	39
1558	16
1559	26
1560	5
1560	7
1560	16
1560	33
1560	37
1560	43
1561	10
1561	43
1562	10
1563	2
1564	23
1565	30
1566	14
1567	29
1567	33
1567	43
1568	9
1568	23
1569	2
1569	33
1569	43
1570	23
1570	45
1571	48
1572	12
1572	25
1572	32
1573	41
1574	23
1575	35
1575	42
1576	27
1576	31
1576	37
1577	10
1578	43
1579	23
1579	37
1580	37
1580	41
1581	18
1582	18
1583	20
1584	1
1584	9
1584	12
1584	15
1584	18
1584	27
1585	31
1586	5
1587	10
1588	9
1589	43
1590	34
1591	47
1592	31
1592	48
1593	3
1593	7
1594	47
1595	23
1596	45
1597	43
1598	5
1599	48
1600	15
1600	27
1600	41
1601	22
1602	25
1603	22
1603	25
1604	3
1605	36
1606	22
1606	25
1607	25
1608	29
1609	5
1609	15
1609	43
1610	6
1610	8
1610	9
1611	25
1611	33
1611	43
1612	1
1613	42
1614	1
1614	15
1614	36
1614	43
1615	30
1616	3
1616	7
1616	47
1617	3
1617	47
1618	3
1618	7
1618	38
1619	5
1620	36
1621	10
1622	30
1623	30
1624	3
1624	32
1624	38
1625	30
1626	2
1626	18
1627	36
1628	27
1628	44
1629	13
1629	17
1630	36
1630	40
1630	42
1631	23
1632	25
1633	23
1634	12
1635	13
1635	17
1635	19
1636	13
1636	17
1637	9
1638	6
1639	2
1639	16
1639	19
1639	21
1639	30
1639	45
1640	13
1640	17
1640	47
1641	41
1642	10
1643	13
1643	17
1644	40
1645	22
1645	39
1645	47
1646	31
1646	36
1647	15
1647	40
1648	6
1648	13
1648	22
1649	7
1649	31
1649	40
1650	25
1651	43
1652	45
1653	26
1654	46
1655	13
1655	17
1656	15
1657	30
1658	6
1658	13
1658	15
1658	36
1659	15
1660	6
1660	13
1660	15
1660	23
1661	12
1661	42
1662	41
1663	27
1663	34
1664	41
1665	34
1666	20
1667	21
1668	16
1669	14
1670	29
1671	30
1672	41
1673	30
1674	3
1674	4
1674	7
1675	4
1676	29
1677	33
1678	27
1679	30
1680	4
1680	16
1680	19
1681	11
1682	9
1683	4
1683	16
1684	45
1685	16
1686	10
1686	19
1687	9
1688	19
1688	45
1689	8
1690	31
1691	3
1692	37
1692	46
1693	5
1694	13
1694	14
1694	15
1694	16
1694	23
1694	37
1695	38
1696	4
1696	16
1696	19
1697	2
1697	4
1697	14
1697	16
1697	35
1697	37
1697	41
1698	31
1699	16
1699	19
1700	35
1701	25
1701	33
1702	9
1703	40
1703	43
1704	5
1705	10
1705	45
1706	7
1707	37
1708	12
1708	36
1709	9
1710	18
1711	40
1711	47
1712	18
1713	3
1713	8
1713	36
1714	8
1714	35
1714	37
1715	23
1715	31
1715	47
1716	20
1716	27
1716	45
1717	3
1717	7
1717	31
1717	45
1718	18
1718	27
1718	31
1718	34
1718	41
1719	0
1720	6
1721	36
1722	13
1723	30
1724	20
1725	18
1726	2
1726	30
1727	2
1727	19
1727	30
1727	41
1728	10
1729	12
1729	21
1730	30
1731	13
1731	18
1731	39
1731	48
1732	36
1733	7
1733	43
1734	35
1735	18
1736	8
1737	29
1738	21
1738	40
1738	46
1739	39
1739	40
1740	6
1740	10
1741	6
1741	38
1741	39
1742	34
1743	47
1744	35
1745	8
1746	40
1747	5
1747	43
1748	8
1748	34
1749	3
1750	36
1751	47
1752	34
1752	47
1753	9
1753	23
1753	27
1753	28
1753	37
1753	45
1754	25
1754	26
1754	33
1755	46
1756	34
1757	7
1757	21
1758	22
1759	46
1760	0
1761	30
1762	22
1762	37
1763	22
1764	22
1765	10
1766	6
1766	22
1767	14
1768	12
1768	41
1769	12
1769	30
1770	26
1771	10
1772	3
1773	25
1774	33
1775	7
1776	9
1776	16
1776	40
1776	42
1777	23
1777	29
1778	29
1779	43
1780	0
1781	2
1781	4
1781	10
1781	14
1781	16
1781	45
1782	34
1783	35
1784	39
1785	37
1785	39
1785	48
1786	13
1786	17
1786	37
1787	13
1787	30
1787	37
1787	39
1788	8
1788	26
1789	8
1789	43
1790	12
1790	25
1791	13
1791	17
1792	12
1792	32
1792	33
1793	19
1794	33
1795	6
1796	2
1797	45
1798	13
1798	17
1798	28
1799	13
1800	6
1800	22
1801	48
1802	18
1803	47
1804	28
1804	29
1805	38
1806	5
1806	36
1806	40
1807	2
1807	19
1807	30
1807	41
1808	12
1808	25
1808	27
1808	41
1809	29
1810	4
1811	2
1811	30
1812	20
1812	43
1813	48
1814	34
1815	35
1815	41
1816	33
1817	26
1817	33
1817	43
1818	3
1819	47
1820	49
1821	10
1822	30
1823	26
1824	1
1824	22
1824	42
1825	26
1826	26
1827	26
1828	26
1829	19
1830	2
1830	29
1830	41
1831	1
1832	40
1833	27
1833	33
1833	36
1833	37
1833	42
1833	43
1834	5
1834	12
1834	32
1834	33
1834	43
1835	38
1835	49
1836	48
1837	16
1838	3
1838	6
1838	7
1838	27
1838	41
1839	22
1839	27
1839	35
1839	38
1840	9
1840	22
1840	33
1841	1
1841	8
1841	23
1841	27
1842	3
1842	7
1842	9
1842	34
1843	27
1844	41
1845	25
1846	7
1846	19
1847	2
1847	15
1848	29
1848	47
1849	33
1850	14
1850	36
1851	15
1851	22
1851	43
1852	25
1853	35
1854	18
1855	35
1856	39
1857	39
1858	12
1858	21
1858	39
1858	48
1859	37
1860	10
1861	39
1862	35
1863	13
1863	22
1864	22
1865	6
1865	31
1866	48
1867	29
1868	13
1869	17
1870	9
1870	13
1871	22
1872	22
1873	43
1874	10
1875	35
1876	21
1876	23
1877	2
1878	32
1879	47
1880	3
1881	1
1881	36
1881	37
1882	1
1883	26
1884	0
1885	3
1886	11
1887	13
1887	15
1888	36
1888	47
1889	45
1890	41
1891	6
1891	12
1891	45
1892	34
1893	1
1893	4
1894	10
1895	15
1896	2
1897	3
1897	7
1898	30
1899	30
1900	49
1901	11
1902	35
1903	39
1904	25
1904	30
1905	29
1906	35
1907	20
1908	20
1908	40
1909	4
1909	13
1909	16
1910	3
1910	7
1911	36
1912	31
1913	20
1914	10
1914	35
1914	39
1914	48
1915	33
1915	41
1915	43
1916	6
1917	25
1917	32
1918	38
1919	21
1920	15
1920	47
1921	0
1922	5
1922	10
1923	8
1924	38
1925	8
1925	12
1925	15
1925	21
1925	27
1926	36
1927	36
1928	15
1929	4
1929	16
1930	4
1931	4
1932	5
1933	16
1934	31
1935	20
1935	25
1936	10
1937	33
1937	43
1938	3
1938	38
1939	47
1940	47
1941	12
1941	21
1942	2
1943	0
1943	18
1944	19
1945	10
1945	37
1945	38
1946	6
1947	5
1947	37
1948	8
1948	27
1949	26
1950	26
1951	47
1952	35
1953	5
1954	7
1954	12
1954	32
1954	38
1955	49
1956	22
1957	19
1958	5
1958	43
1959	3
1959	37
1960	22
1960	41
1961	19
1962	9
1963	14
1964	6
1964	13
1964	17
1964	22
1964	39
1965	47
1966	16
1966	19
1967	8
1968	6
1968	8
1969	8
1969	45
1970	15
1970	27
1970	31
1971	3
1971	7
1971	31
1972	2
1972	34
1973	27
1973	36
1973	41
1974	9
1974	31
1974	41
1975	18
1975	31
1975	40
1975	48
1976	0
1977	28
1978	40
1979	46
1980	48
1981	25
1981	33
1981	38
1982	5
1983	27
1983	34
1984	25
1985	31
1986	7
1987	28
1988	43
1989	43
1990	6
1990	8
1990	22
1991	6
1991	8
1991	13
1991	18
1992	28
1993	6
1994	17
1995	39
1996	45
1997	22
1998	13
1998	22
1999	2
2000	8
2000	48
2001	45
2002	9
2002	12
2003	2
2003	27
2004	9
2004	24
2004	27
2005	43
2006	34
2007	15
2007	27
2007	36
2008	43
2009	11
2010	3
2011	15
2012	42
2013	7
2013	15
2013	32
2014	2
2014	30
2015	19
2016	19
2016	45
2017	30
2018	30
2019	2
2020	39
2020	48
2021	48
2022	35
2023	18
2024	5
2024	39
2025	5
2026	18
2026	22
2027	9
2027	33
2028	47
2029	45
2030	27
2031	6
2031	15
2031	47
2032	4
2032	16
2032	19
2033	43
2034	12
2034	13
2034	20
2034	33
2035	47
2036	16
2036	47
2037	41
2038	7
2038	27
2038	36
2038	37
2039	37
2040	6
2040	28
2041	13
2041	22
2042	5
2042	43
2043	22
2043	47
2044	2
2044	8
2044	22
2044	28
2044	37
2045	35
2046	34
2047	4
2047	18
2047	45
2048	26
2049	23
2049	45
2050	33
2051	33
2052	6
2052	8
2052	13
2052	37
2053	10
2053	14
2054	2
2055	36
2056	13
2056	15
2056	28
2057	34
2058	32
2059	3
2059	7
2060	15
2061	27
2062	33
2062	35
2063	41
2064	29
2065	45
2066	27
2066	34
2066	41
2067	12
2067	40
2068	5
2069	5
2070	41
2071	39
2072	18
2073	2
2074	36
2075	29
2076	3
2077	7
2078	22
2079	22
2080	9
2080	13
2080	15
2080	17
2080	22
2080	23
2080	37
2081	7
2082	6
2082	13
2082	22
2083	26
2084	25
2084	46
2085	20
2085	23
2086	45
2087	29
2087	44
2088	21
2089	27
2089	41
2090	37
2091	5
2092	44
2093	9
2094	15
2094	20
2094	39
2095	15
2096	20
2096	23
2097	12
2097	31
2097	41
2098	31
2098	41
2099	41
2099	43
2100	8
2100	13
2100	17
2100	21
2100	39
2101	32
2102	8
2103	13
2103	17
2103	39
2103	48
2104	13
2104	39
2104	48
2105	31
2105	36
2106	40
2107	31
2107	48
2108	31
2108	37
2108	40
2108	48
2109	31
2109	48
2110	48
2111	39
2111	48
2112	18
2112	22
2112	40
2112	48
2113	5
2114	40
2115	31
2115	34
2115	36
2116	6
2116	26
2116	38
2117	16
2118	23
2118	25
2119	5
2119	33
2119	43
2120	5
2120	18
2121	27
2121	31
2121	40
2121	41
2122	8
2123	13
2123	22
2124	22
2125	22
2126	8
2127	38
2127	47
2128	23
2129	25
2130	26
2131	31
2132	40
2133	10
2134	4
2135	30
2136	26
2137	8
2138	6
2138	22
2139	40
2140	47
2141	34
2142	13
2142	15
2142	18
2143	33
2143	43
2144	8
2145	12
2145	29
2146	1
2146	21
2146	37
2146	46
2147	6
2147	48
2148	28
2148	41
2149	35
2150	6
2150	15
2150	36
2151	3
2151	34
2152	7
2152	36
2153	5
2153	43
2154	3
2154	7
2154	27
2155	22
2156	29
2157	23
2157	39
2158	36
2159	10
2160	12
2160	45
2161	33
2162	16
2163	33
2164	9
2164	20
2165	23
2165	47
2166	4
2166	16
2166	27
2167	18
2168	9
2168	25
2169	23
2170	15
2171	42
2172	12
2172	19
2172	25
2172	27
2172	30
2172	41
2173	41
2174	9
2175	26
2176	6
2176	13
2176	22
2176	39
2177	18
2178	45
2179	33
2179	43
2180	4
2180	6
2180	22
2180	39
2180	42
2181	13
2181	17
2182	31
2183	9
2184	16
2185	4
2186	29
2187	2
2187	23
2187	30
2188	6
2188	13
2188	36
2189	39
2189	40
2190	5
2191	47
2192	12
2192	21
2192	43
2193	10
2194	1
2194	5
2195	25
2196	12
2197	11
2197	31
2198	44
2199	2
2200	3
2200	7
2201	21
2201	43
2202	12
2203	13
2203	25
2204	25
2205	13
2205	17
2205	18
2206	45
2207	40
2208	22
2208	47
2209	13
2209	17
2209	39
2210	13
2210	22
2210	45
2211	31
2212	34
2212	41
2213	26
2214	13
2214	17
2215	14
2215	34
2216	21
2217	5
2217	18
2218	5
2219	24
2220	18
2220	41
2221	47
2222	2
2223	12
2223	39
2223	48
2224	9
2225	18
2226	8
2226	12
2226	13
2227	7
2228	15
2229	28
2229	45
2230	3
2230	7
2230	23
2230	41
2231	3
2231	7
2231	38
2232	36
2232	40
2233	13
2233	17
2233	39
2234	13
2235	8
2235	13
2235	22
2236	1
2237	34
2238	12
2239	3
2239	7
2240	12
2240	30
2241	35
2242	29
2243	13
2244	40
2245	37
2246	43
2247	5
2248	19
2249	8
2250	0
2251	29
2251	45
2252	5
2253	37
2254	35
2255	9
2255	13
2255	17
2256	9
2256	34
2256	40
2257	20
2258	31
2258	36
2258	37
2259	12
2260	6
2260	15
2260	22
2260	47
2261	22
2262	12
2262	27
2263	14
2264	33
2265	5
2265	33
2266	22
2266	28
2267	25
2267	32
2267	33
2268	21
2269	46
2270	30
2271	26
2272	45
2273	12
2273	23
2273	35
2274	43
2275	16
2275	33
2276	6
2277	10
2277	43
2278	43
2279	25
2279	33
2280	3
2280	7
2280	11
2280	15
2280	37
2280	38
2280	43
2281	39
2281	48
2282	47
2283	2
2284	11
2284	15
2284	21
2284	24
2284	46
2285	8
2285	9
2286	8
2287	22
2288	13
2288	17
2288	22
2289	48
2290	25
2290	43
2291	29
2292	7
2292	39
2293	9
2293	19
2294	21
2295	39
2296	25
2297	18
2298	12
2298	27
2299	39
2300	16
2300	25
2300	43
2301	19
2301	30
2301	45
2302	5
2303	18
2303	22
2303	27
2304	15
2304	45
2304	49
2305	18
2306	10
2307	41
2308	8
2308	10
2309	22
2309	45
2309	48
2310	47
2311	26
2312	2
2312	10
2313	5
2314	5
2314	23
2314	37
2315	32
2315	33
2316	3
2317	5
2317	43
2318	5
2319	7
2319	19
2319	45
2320	14
2320	19
2321	2
2321	15
2322	37
2323	7
2324	7
2324	24
2325	34
2325	46
2326	39
2327	26
2328	27
2329	36
2330	41
2331	3
2332	45
2333	17
2334	18
2334	28
2335	4
2335	16
2335	45
2336	23
2336	27
2336	31
2336	37
2336	41
2337	8
2337	19
2337	27
2337	34
2338	19
2339	1
2339	18
2340	12
2340	27
2340	41
2341	7
2342	14
2342	23
2343	18
2344	25
2344	33
2344	43
2345	5
2346	33
2346	43
2347	23
2348	15
2349	10
2349	38
2350	34
2351	39
2351	40
2351	42
2352	31
2353	13
2353	14
2353	27
2353	41
2354	30
2355	4
2355	34
2356	2
2356	12
2356	27
2357	8
2358	18
2358	29
2358	38
2359	45
2360	16
2361	5
2361	40
2361	44
2362	22
2362	37
2362	42
2363	39
2363	44
2364	2
2364	19
2365	9
2365	26
2366	4
2367	16
2368	3
2368	7
2368	27
2369	36
2370	24
2371	29
2372	18
2373	18
2373	46
2374	6
2375	21
2375	40
2376	22
2376	26
2377	12
2377	21
2378	19
2378	30
2379	10
2379	29
2380	6
2380	13
2380	15
2380	22
2380	23
2380	40
2381	8
2382	40
2383	3
2383	37
2384	7
2385	45
2386	43
2387	39
2388	25
2389	26
2390	15
2391	34
2392	47
2393	4
2394	10
2394	13
2394	18
2395	2
2395	45
2396	5
2396	31
2396	35
2397	10
2397	27
2397	37
2398	35
2399	17
2399	23
2400	34
2401	40
2402	26
2402	33
2403	41
2404	13
2404	17
2405	29
2406	34
2407	9
2408	2
2408	10
2409	3
2410	40
2411	8
2412	22
2413	13
2414	3
2415	23
2415	30
2415	45
2416	3
2416	6
2417	33
2417	43
2418	8
2418	9
2418	13
2418	22
2418	28
2419	46
2420	3
2420	11
2420	15
2421	42
2422	27
2423	24
2423	31
2423	40
2423	41
2424	6
2425	6
2425	8
2425	15
2425	27
2426	35
2427	31
2428	4
2429	45
2430	2
2431	28
2432	8
2432	15
2432	27
2432	39
2432	48
2433	10
2434	2
2434	27
2435	7
2435	15
2435	38
2435	47
2436	47
2437	31
2437	34
2438	10
2438	12
2439	34
2440	10
2441	47
2442	45
2443	7
2443	18
2444	6
2444	36
2444	41
2445	7
2445	31
2446	12
2446	42
2447	33
2448	18
2449	35
2449	42
2450	42
2451	40
2452	2
2453	32
2454	12
2454	33
2455	15
2455	38
2456	6
2456	22
2457	27
2458	19
2458	21
2458	41
2459	13
2459	17
2460	27
2460	29
2460	41
2461	6
2461	12
2461	15
2461	21
2461	36
2462	20
2463	21
2464	9
2465	9
2465	30
2466	5
2466	34
2466	37
2467	33
2468	25
2469	33
2470	27
2470	41
2471	31
2471	46
2472	11
2473	9
2474	11
2474	46
2475	2
2476	10
2477	8
2477	18
2478	30
2479	19
2479	23
2479	45
2480	33
2481	45
2482	43
2483	12
2483	27
2483	36
2483	41
2483	49
2484	9
2485	5
2486	25
2487	6
2488	34
2489	12
2489	25
2490	12
2490	13
2490	17
2491	25
2492	30
2493	25
2494	13
2494	25
2495	25
2496	8
2497	10
2498	2
2498	25
2498	30
2499	1
2500	31
2501	38
2502	39
2503	4
2503	16
2503	19
2504	41
2505	29
2506	19
2506	30
2506	41
2507	8
2508	6
2508	17
2509	31
2509	34
2509	48
2510	20
2511	2
2511	19
2512	28
2513	2
2514	36
2515	2
2515	7
2515	37
2516	18
2517	2
2518	10
2518	26
2519	7
2519	9
2519	45
2520	3
2520	7
2520	23
2521	10
2522	15
2523	33
2524	9
2525	43
2526	1
2527	7
2528	25
2528	26
2529	8
2530	5
2530	43
2531	5
2531	43
2532	30
2533	3
2533	7
2534	3
2534	7
2535	9
2535	47
2536	45
2537	13
2537	28
2538	44
2539	9
2540	5
2541	5
2542	25
2542	33
2543	18
2544	45
2545	43
2546	48
2547	2
2547	30
2548	8
2549	7
2549	41
2550	7
2551	28
2552	31
2553	30
2554	2
2555	6
2555	8
2556	19
2556	21
2557	6
2558	40
2559	18
2559	40
2559	45
2560	4
2561	42
2561	43
2562	9
2562	15
2562	27
2562	28
2562	31
2562	37
2563	1
2563	14
2563	15
2563	23
2564	32
2565	7
2565	15
2565	23
2565	37
2566	25
2567	4
2567	6
2567	45
2568	34
2569	35
2570	3
2570	7
2570	8
2570	15
2570	28
2570	31
2570	37
2570	41
2571	17
2571	22
2572	6
2572	8
2573	3
2573	7
2574	17
2575	13
2576	22
2577	2
2577	7
2577	30
2578	30
2579	22
2579	25
2580	25
2581	36
2581	38
2582	2
2583	12
2583	25
2583	37
2584	8
2585	4
2585	16
2586	16
2586	19
2587	5
2587	6
2587	22
2588	41
2589	9
2589	25
2589	26
2589	33
2590	4
2591	17
2591	22
2592	43
2593	31
2594	6
2595	41
2596	2
2596	19
2597	4
2598	2
2598	19
2598	30
2599	18
2599	27
2599	38
2600	20
2600	25
2600	32
2600	33
2600	43
2601	15
2602	31
2602	36
2603	13
2603	17
2604	13
2604	17
2605	19
2606	13
2606	15
2606	17
2607	13
2607	20
2608	19
2608	45
2609	13
2609	17
2610	5
2610	40
2611	5
2611	10
2612	33
2613	12
2613	14
2613	18
2613	27
2613	41
2614	21
2614	40
2615	30
2616	23
2617	21
2618	13
2618	17
2618	47
2619	10
2620	40
2621	25
2621	43
2622	22
2623	29
2624	8
2624	9
2624	18
2624	22
2624	24
2624	37
2624	46
2625	8
2625	9
2625	10
2625	22
2625	23
2625	38
2626	8
2626	23
2626	33
2627	12
2627	43
2628	45
2629	19
2629	30
2630	6
2631	31
2632	33
2632	43
2633	38
2633	41
2634	2
2634	15
2634	27
2635	12
2635	22
2636	27
2637	34
2638	9
2638	45
2639	18
2640	40
2641	7
2642	25
2643	38
2644	47
2645	33
2646	4
2646	16
2647	33
2648	47
2649	12
2649	26
2650	5
2651	26
2652	22
2652	24
2652	28
2652	48
2653	2
2654	26
2654	40
2655	19
2656	7
2656	8
2656	10
2656	18
2656	19
2656	23
2656	39
2656	45
2657	33
2658	38
2659	10
2660	33
2660	43
2661	16
2661	19
2662	26
2663	31
2663	34
2664	10
2665	37
2666	26
2667	13
2668	40
2669	12
2669	39
2670	13
2670	43
2670	49
2671	41
2672	9
2672	45
2673	40
2674	10
2674	19
2675	34
2676	34
2676	48
2677	37
2678	45
2679	30
2680	20
2681	26
2682	5
2682	33
2682	43
2683	47
2684	9
2685	19
2685	45
2686	22
2686	33
2686	37
2686	44
2687	29
2688	13
2688	22
2689	23
2690	22
2691	23
2692	31
2693	42
2694	9
2695	41
2695	45
2696	9
2697	34
2698	21
2699	10
2699	19
2700	8
2700	15
2700	28
2701	30
2702	30
2703	40
2704	37
2705	2
2706	2
2706	5
2707	34
2708	31
2708	41
2709	35
2710	36
2711	34
2712	34
2713	9
2714	23
2715	3
2715	34
2716	42
2717	26
2717	41
2718	3
2719	8
2720	21
2721	29
2721	34
2722	20
2723	30
2723	41
2723	45
2724	39
2725	34
2725	38
2726	21
2726	39
2727	13
2727	17
2728	21
2728	37
2728	39
2729	28
2730	37
2730	48
2731	27
2731	36
2732	39
2733	5
2734	33
2735	11
2735	47
2736	8
2736	36
2737	6
2737	13
2737	15
2737	26
2738	38
2739	14
2740	39
2741	8
2742	5
2743	44
2744	16
2745	8
2746	31
2747	2
2748	15
2748	20
2748	24
2748	27
2748	31
2748	41
2748	49
2749	0
2749	9
2750	27
2751	40
2752	3
2752	7
2753	40
2754	3
2754	7
2754	28
2755	34
2755	40
2755	47
2756	29
2757	10
2758	3
2758	4
2758	7
2758	16
2759	10
2759	30
2760	20
2761	14
2762	45
2763	25
2764	24
2764	31
2764	37
2765	9
2766	6
2766	22
2766	23
2766	39
2766	44
2767	19
2767	27
2767	29
2767	41
2768	24
2768	36
2768	40
2769	9
2770	30
2771	6
2771	31
2772	28
2772	42
2773	40
2774	26
2775	32
2776	37
2777	22
2777	40
2778	47
2779	15
2779	31
2780	2
2780	30
2781	22
2782	6
2782	13
2782	15
2782	28
2783	6
2783	13
2783	17
2783	22
2783	31
2784	6
2784	15
2784	22
2784	37
2785	6
2785	8
2785	15
2786	20
2786	38
2787	33
2787	43
2788	25
2789	9
2789	24
2790	45
2791	18
2792	29
2793	10
2793	41
2794	2
2795	13
2795	17
2796	21
2797	8
2798	13
2799	26
2799	33
2799	43
2800	9
2800	12
2800	21
2800	42
2801	9
2802	12
2802	33
2803	35
2803	41
2804	25
2805	10
2806	33
2806	43
2807	29
2807	43
2808	8
2809	3
2809	7
2809	9
2809	15
2809	23
2809	27
2810	5
2811	6
2811	13
2812	15
2812	23
2813	15
2813	27
2814	12
2814	33
2814	40
2815	15
2815	20
2816	40
2817	15
2818	25
2819	47
2820	7
2820	38
2821	41
2822	29
2823	22
2824	20
2825	39
2826	6
2827	5
2828	25
2828	45
2829	36
2830	6
2830	9
2831	2
2831	19
2831	30
2832	8
2832	31
2833	43
2834	5
2834	22
2834	42
2835	6
2836	41
2837	5
2837	43
2838	43
2839	27
2839	41
2840	2
2840	30
2841	15
2841	47
2842	43
2843	29
2844	45
2845	13
2846	17
2847	8
2848	27
2849	11
2849	46
2850	47
2851	19
2851	30
2852	12
2852	27
2852	42
2853	47
2854	21
2854	27
2854	41
2855	36
2856	8
2857	2
2858	18
2858	37
2858	38
2859	6
2859	13
2859	15
2859	23
2859	37
2859	45
2860	18
2861	0
2861	27
2862	45
2863	6
2863	11
2864	38
2865	31
2865	46
2866	33
2866	43
2867	25
2868	45
2869	3
2870	7
2870	27
2870	34
2871	10
2872	49
2873	30
2874	3
2875	40
2876	4
2876	12
2876	16
2876	19
2876	21
2876	38
2877	2
2877	19
2877	30
2878	19
2878	30
2879	48
2880	36
2881	22
2882	3
2882	7
2883	31
2884	38
2885	13
2886	2
2886	19
2886	40
2887	39
2887	46
2888	12
2888	20
2889	5
2889	11
2889	31
2889	36
2889	43
2890	9
2890	11
2890	34
2890	46
2891	3
2891	8
2892	40
2893	26
2894	45
2895	40
2895	47
2896	8
2896	18
2897	25
2898	34
2898	40
2899	43
2900	12
2901	42
2902	40
2903	28
2903	41
2904	27
2904	40
2904	41
2905	5
2906	3
2906	7
2906	23
2907	10
2908	9
2908	40
2909	8
2909	24
2909	28
2910	18
2911	6
2911	28
2911	45
2912	6
2912	15
2912	18
2912	22
2912	28
2912	37
2913	6
2913	9
2913	15
2913	37
2914	22
2915	19
2915	43
2916	3
2917	8
2917	22
2917	28
2918	22
2919	13
2919	17
2920	2
2920	34
2921	14
2922	43
2923	8
2924	7
2924	29
2924	37
2924	47
2925	7
2926	18
2926	22
2927	2
2927	10
2927	39
2927	48
2928	15
2928	28
2928	31
2928	39
2929	28
2930	5
2930	43
2931	39
2931	48
2932	13
2932	39
2932	48
2933	22
2934	13
2934	15
2934	18
2934	27
2934	31
2934	39
2935	18
2935	37
2936	13
2936	15
2937	15
2937	22
2937	28
2937	37
2938	35
2939	40
2940	9
2941	35
2942	26
2943	40
2944	13
2944	17
2945	7
2946	42
2947	5
2947	43
2948	5
2948	33
2948	43
2949	45
2950	3
2950	8
2951	2
2951	19
2951	30
2952	25
2953	19
2953	22
2954	20
2955	18
2956	31
2956	36
2957	2
2957	30
2958	26
2958	48
2959	19
2959	36
2960	15
2961	3
2961	7
2961	8
2961	27
2962	37
2963	8
2963	37
2964	6
2964	23
2964	31
2964	39
2964	48
2965	39
2966	39
2967	10
2967	12
2968	33
2969	33
2969	37
2970	33
2970	43
2971	47
2972	2
2972	19
2972	39
2973	12
2973	27
2973	30
2974	29
2975	40
2976	35
2977	33
2978	38
2979	14
2980	41
2981	9
2982	45
2983	49
2984	15
2984	27
2985	18
2985	27
2986	43
2987	34
2988	6
2988	9
2988	15
2989	5
2989	13
2990	2
2990	30
2991	10
2991	12
2991	20
2991	23
2992	4
2992	47
2993	7
2994	3
2995	11
2996	39
2997	13
2997	28
2998	23
2999	5
2999	6
2999	35
3000	7
3000	13
3000	22
3001	13
3001	17
3002	5
3002	33
3002	43
3003	9
3003	47
3004	30
3005	37
3006	22
3006	42
3007	11
3007	27
3007	36
3008	7
3008	36
3009	29
3009	42
3010	12
3010	42
3011	16
3011	19
3011	23
3011	30
3012	19
3012	30
3013	10
3014	42
3015	20
3016	2
3016	25
3016	30
3017	6
3018	21
3019	6
3019	13
3019	22
3019	43
3020	3
3020	7
3020	10
3020	45
3021	45
3022	9
3023	31
3023	40
3023	48
3024	9
3025	8
3025	12
3025	27
3025	32
3025	41
3026	26
3027	40
3028	27
3029	4
3029	16
3030	8
3031	2
3032	4
3032	48
3033	2
3034	39
3035	1
3035	37
3036	15
3036	18
3036	37
3037	8
3037	31
3038	5
3038	33
3038	43
3039	6
3039	9
3039	12
3039	13
3039	15
3039	27
3039	33
3039	34
3039	37
3039	42
3040	22
3041	20
3042	3
3043	13
3043	31
3043	40
3044	3
3045	25
3046	25
3046	30
3047	30
3047	37
3048	5
3048	40
3049	34
3049	36
3050	25
3050	29
3050	30
3051	49
3052	20
3053	2
3053	41
3054	35
3055	39
3055	48
3056	19
3056	38
3057	9
3057	13
3057	45
3058	30
3059	18
3060	25
3061	18
3061	45
3062	27
3063	5
3064	43
3065	12
3065	35
3066	1
3066	6
3066	15
3066	22
3066	28
3067	9
3068	23
3069	36
3070	46
3071	47
3072	19
3073	47
3074	31
3075	29
3076	2
3077	45
3078	30
3079	18
3080	12
3080	36
3080	38
3080	40
3081	40
3082	0
3083	10
3084	48
3085	16
3086	47
3087	2
3087	30
3088	4
3088	10
3088	14
3089	21
3089	27
3090	13
3090	17
3091	27
3092	13
3092	22
3093	15
3093	39
3094	30
3095	8
3096	2
3096	25
3096	30
3097	26
3098	18
3098	29
3099	38
3100	7
3100	43
3101	40
3102	6
3102	13
3102	17
3103	8
3103	45
3104	5
3105	36
3106	20
3107	29
3108	47
3109	42
3110	22
3111	45
3112	12
3113	13
3113	17
3114	3
3114	7
3115	3
3115	7
3116	30
3117	2
3117	19
3117	34
3117	39
3117	45
3118	2
3118	3
3118	7
3118	27
3119	23
3120	7
3121	12
3122	13
3122	22
3122	40
3123	19
3124	22
3125	15
3125	22
3125	47
3126	5
3127	45
3128	3
3129	1
3130	12
3131	6
3131	10
3131	40
3132	15
3133	26
3133	30
3134	45
3135	12
3136	35
3137	18
3137	40
3137	48
3138	3
3138	7
3139	26
3140	13
3141	18
3142	16
3142	29
3143	5
3144	34
3144	48
3145	10
3145	19
3145	23
3146	39
3147	6
3147	27
3147	36
3147	41
3148	44
3148	47
3149	44
3150	30
3151	2
3151	30
3152	30
3153	13
3154	7
3155	10
3155	47
3156	12
3157	33
3157	43
3158	13
3159	47
3160	20
3160	22
3160	25
3160	32
3161	4
3161	10
3162	29
3163	5
3164	23
3165	29
3166	4
3166	45
3167	3
3167	7
3167	45
3168	29
3169	19
3169	30
3170	32
3171	26
3172	35
3173	23
3174	8
3175	10
3175	45
3176	2
3176	19
3176	30
3177	32
3178	7
3178	41
3179	2
3179	20
3180	33
3181	8
3181	28
3182	6
3182	8
3182	13
3182	22
3182	44
3183	18
3183	22
3183	28
3183	42
3183	44
3184	6
3184	8
3184	13
3184	17
3184	22
3184	28
3185	26
3185	35
3186	22
3186	42
3187	6
3187	13
3187	15
3187	22
3187	23
3187	27
3187	28
3187	31
3187	37
3187	39
3188	43
3189	48
3190	0
3191	23
3191	24
3191	31
3192	6
3193	14
3194	8
3194	32
3195	12
3195	21
3195	32
3195	45
3196	10
3196	27
3196	41
3197	5
3198	20
3198	37
3199	25
3200	40
3201	30
3201	39
3202	11
3203	32
3204	16
3204	37
3205	10
3205	27
3205	36
3206	33
3207	26
3208	18
3208	34
3209	34
3210	34
3210	39
3210	40
3211	34
3211	40
3212	9
3213	6
3213	13
3213	15
3214	6
3214	8
3214	18
3214	28
3215	28
3215	42
3215	45
3216	9
3216	34
3217	7
3217	34
3218	29
3218	47
3219	34
3220	41
3221	0
3221	27
3222	5
3223	40
3224	27
3224	47
3225	41
3226	23
3227	9
3228	6
3228	22
3229	3
3229	4
3229	16
3230	19
3231	5
3232	19
3232	30
3233	10
3234	38
3235	33
3235	43
3235	47
3236	9
3236	30
3236	37
3237	39
3237	40
3237	48
3238	3
3238	7
3239	34
3240	8
3240	13
3241	40
3242	43
3243	12
3243	19
3243	21
3243	38
3244	12
3244	21
3244	38
3245	16
3245	19
3246	27
3246	31
3246	37
3246	41
3247	33
3247	43
3248	7
3248	19
3248	48
3249	22
3250	8
3250	15
3250	18
3250	28
3251	33
3252	6
3252	8
3252	15
3252	17
3252	22
3252	28
3253	36
3253	40
3253	43
3254	8
3254	13
3254	18
3254	22
3254	45
3255	1
3255	36
3256	2
3256	30
3257	1
3258	1
3258	7
3258	15
3258	18
3258	31
3258	45
3259	15
3259	18
3260	36
3260	43
3261	13
3261	28
3262	33
3263	3
3264	32
3265	13
3266	40
3267	30
3268	7
3268	30
3269	30
3270	2
3270	12
3270	27
3271	26
3272	5
3273	29
3274	47
3275	34
3276	12
3277	41
3278	34
3279	12
3280	8
3280	46
3280	49
3281	39
3282	1
3282	36
3283	40
3284	18
3285	26
3286	1
3286	8
3286	9
3286	15
3286	18
3286	23
3286	37
3287	14
3288	6
3288	15
3289	18
3290	19
3290	38
3290	47
3291	1
3291	8
3292	5
3293	34
3294	19
3294	45
3295	45
3296	26
3297	6
3297	39
3297	42
3298	31
3299	26
3300	42
3301	49
3302	40
3303	3
3303	7
3303	38
3304	10
3305	18
3306	34
3307	9
3307	47
3307	48
3308	40
3309	33
3310	40
3311	5
3311	40
3312	33
3313	9
3314	18
3315	47
3316	5
3317	15
3317	38
3318	10
3319	8
3320	2
3320	3
3320	7
3320	34
3321	9
3321	27
3321	41
3322	25
3322	32
3323	33
3324	25
3325	25
3326	25
3327	5
3327	40
3328	10
3329	2
3330	47
3331	26
3332	37
3333	5
3333	33
3333	43
3334	0
3334	10
3335	42
3336	22
3337	36
3338	12
3338	14
3338	41
3339	5
3339	20
3340	26
3341	1
3341	5
3342	6
3342	8
3342	9
3342	15
3342	18
3342	22
3343	26
3343	33
3344	19
3344	25
3345	15
3346	10
3347	13
3348	27
3349	3
3349	9
3349	22
3350	6
3350	15
3350	18
3350	22
3350	31
3351	6
3351	8
3351	13
3351	15
3351	17
3351	18
3351	28
3352	8
3353	38
3354	35
3355	27
3356	13
3356	17
3356	22
3356	38
3357	30
3358	31
3359	2
3360	14
3360	30
3361	31
3361	39
3361	48
3362	30
3363	2
3363	30
3364	1
3365	30
3366	30
3367	10
3368	23
3369	30
3370	27
3371	17
3372	30
3373	25
3373	45
3374	26
3375	9
3375	24
3375	46
3376	3
3376	7
3376	13
3376	22
3376	39
3377	7
3378	4
3378	45
3379	28
3380	42
3381	40
3382	45
3383	3
3384	47
3385	6
3385	8
3385	9
3385	18
3386	10
3387	18
3387	29
3388	33
3388	41
3388	43
3389	40
3390	25
3390	33
3391	8
3391	31
3391	41
3392	31
3392	34
3393	27
3393	45
3394	14
3395	31
3396	16
3397	33
3397	37
3397	43
3398	23
3399	5
3399	10
3399	43
3400	7
3400	25
3400	33
3400	43
3401	7
3401	8
3401	43
3402	35
3402	37
3403	10
3403	41
3404	15
3405	25
3406	1
3406	7
3406	40
3407	5
3408	5
3408	33
3408	43
3409	3
3409	7
3409	12
3409	36
3410	32
3411	5
3412	32
3412	33
3413	20
3414	34
3415	20
3416	45
3417	39
3417	45
3417	48
3417	49
3418	45
3419	10
3420	8
3420	21
3421	31
3421	34
3422	29
3423	2
3423	4
3423	12
3423	16
3423	19
3423	30
3423	41
3423	45
3424	12
3425	27
3426	19
3426	45
3427	14
3427	26
3428	6
3428	18
3428	22
3428	37
3429	4
3429	16
3429	36
3430	21
3431	33
3432	9
3433	20
3433	25
3434	42
3435	39
3436	12
3436	21
3436	34
3436	38
3437	36
3437	37
3438	34
3438	37
3439	16
3439	26
3440	30
3441	25
3442	3
3443	34
3444	39
3445	10
3446	12
3446	27
3446	41
3447	3
3447	7
3447	23
3448	41
3449	5
3449	30
3450	8
3450	15
3451	15
3451	31
3452	22
3453	43
3454	5
3455	35
3456	3
3456	6
3456	23
3456	39
3457	2
3457	8
3457	13
3457	29
3458	29
3459	6
3460	30
3461	6
3461	15
3461	18
3462	10
3462	34
3462	41
3462	45
3463	19
3464	6
3464	31
3465	34
3465	42
3466	5
3466	40
3467	27
3467	36
3468	4
3468	7
3468	16
3468	30
3469	5
3469	33
3470	2
3470	30
3471	47
3472	15
3472	31
3473	3
3473	4
3473	7
3473	16
3473	27
3474	2
3474	30
3475	26
3476	12
3476	14
3476	37
3476	38
3476	45
3477	26
3478	5
3478	34
3478	37
3478	48
3479	25
3479	33
3479	43
3480	12
3480	42
3481	2
3482	9
3482	17
3483	47
3484	8
3485	28
3486	14
3487	10
3487	30
3488	14
3488	25
3488	33
3489	15
3489	18
3489	48
3490	6
3490	15
3490	18
3490	21
3490	27
3490	31
3490	39
3490	44
3491	45
3492	2
3492	9
3492	15
3492	31
3492	37
3493	45
3494	0
3495	9
3495	26
3496	26
3497	6
3497	36
3498	9
3498	12
3498	27
3498	37
3498	42
3499	2
3499	14
3499	23
3499	34
3499	37
3500	23
3501	45
3502	9
3503	19
3503	30
3504	5
3505	11
3505	27
3505	41
3505	43
3506	9
3506	23
3506	28
3507	9
3508	6
3508	28
3508	39
3509	3
3509	7
3509	34
3510	10
3511	6
3511	9
3511	15
3512	3
3512	7
3512	48
3513	36
3513	38
3514	36
3515	5
3516	15
3516	23
3517	25
3517	30
3517	41
3518	14
3519	33
3519	41
3519	43
3520	26
3521	6
3521	15
3521	22
3521	28
3522	26
3523	26
3524	23
3524	26
3525	26
3526	26
3526	30
3527	33
3527	43
3528	26
3529	26
3530	13
3530	38
3531	0
3531	20
3532	23
3533	48
3534	48
3535	6
3535	18
3536	39
3536	48
3537	19
3538	15
3538	18
3539	43
3540	7
3540	39
3541	23
3542	20
3543	41
3544	15
3545	37
3546	9
3546	15
3546	20
3546	21
3546	23
3546	27
3546	37
3547	42
3548	27
3548	39
3549	30
3550	8
3550	39
3550	48
3551	48
3552	26
3553	22
3553	37
3554	39
3554	48
3555	24
3556	22
3557	25
3558	18
3559	3
3559	41
3560	29
3561	8
3561	12
3561	13
3561	26
3562	8
3563	22
3564	29
3565	3
3565	7
3566	9
3567	8
3567	22
3567	28
3568	40
3569	9
3570	45
3571	22
3572	23
3572	39
3572	48
3573	39
3574	12
3574	25
3575	48
3576	39
3577	10
3578	12
3578	18
3578	20
3578	27
3578	41
3579	10
3580	37
3581	47
3582	40
3583	25
3583	43
3584	10
3585	33
3585	43
3586	29
3587	9
3587	33
3588	26
3589	42
3590	29
3590	43
3591	44
3592	25
3592	33
3592	43
3593	44
3594	26
3595	26
3596	25
3597	25
3598	46
3599	11
3600	2
3601	13
3601	16
3602	29
3603	32
3604	4
3604	16
3605	47
3606	45
3607	17
3608	9
3609	39
3610	25
3611	25
3612	25
3612	43
3613	25
3614	25
3615	2
3616	6
3616	15
3616	37
3617	18
3618	10
3619	23
3620	9
3620	18
3621	30
3622	31
3623	31
3624	27
3624	31
3625	10
3626	20
3627	9
3627	13
3627	22
3627	28
3627	31
3627	37
3627	45
3628	38
3629	26
3630	9
3630	24
3630	34
3630	37
3630	44
3631	19
3632	5
3633	9
3633	26
3634	40
3635	3
3635	34
3636	41
3637	22
3638	11
3638	46
3639	25
3640	30
3641	33
3641	43
3642	30
3643	30
3644	30
3645	14
3645	30
3646	30
3647	0
3648	30
3649	30
3650	47
3651	26
3651	35
3652	23
3653	39
3653	41
3653	48
3654	43
3655	15
3655	21
3655	27
3656	20
3657	10
3658	24
3659	6
3659	28
3660	42
3661	4
3662	23
3662	43
3663	3
3663	7
3664	32
3665	27
3665	41
3666	5
3667	34
3668	6
3668	14
3669	15
3670	17
3671	33
3672	34
3673	12
3673	34
3673	42
3674	5
3674	8
3675	8
3675	34
3676	29
3677	9
3678	27
3679	18
3680	5
3681	8
3682	34
3683	5
3684	35
3685	5
3685	29
3685	33
3685	41
3685	42
3685	43
3686	47
3687	27
3687	39
3687	48
3688	7
3688	32
3688	33
3688	43
3689	3
3689	34
3690	29
3691	5
3692	2
3692	26
3693	25
3693	26
3694	13
3695	10
3696	10
3696	37
3697	20
3698	20
3699	12
3700	18
3700	42
3701	39
3701	48
3702	38
3703	1
3703	15
3703	31
3703	38
3704	44
3705	48
3706	25
3707	22
3708	33
3709	34
3710	20
3711	9
3711	26
3712	26
3713	16
3713	26
3714	3
3715	34
3716	9
3716	15
3716	31
3716	37
3716	38
3717	26
3717	37
3718	6
3718	12
3718	13
3718	15
3719	20
3720	6
3721	4
3721	10
3722	9
3722	12
3722	20
3722	27
3722	41
3723	13
3723	28
3723	37
3724	6
3725	40
3726	33
3727	10
3728	3
3728	7
3728	23
3729	3
3729	7
3729	9
3729	15
3729	18
3730	5
3731	5
3731	29
3731	43
3732	40
3733	4
3733	16
3734	5
3734	12
3734	23
3735	45
3736	3
3736	8
3736	12
3736	15
3736	27
3736	34
3736	36
3737	29
3738	0
3739	23
3740	5
3741	41
3742	29
3743	20
3744	3
3745	46
3746	19
3747	10
3748	30
3748	32
3749	2
3749	7
3750	26
3750	30
3751	15
3751	23
3752	33
3752	43
3753	38
3754	10
3755	37
3756	36
3757	40
3757	42
3758	10
3759	7
3760	8
3761	29
3761	47
3762	42
3763	22
3764	33
3765	25
3766	23
3767	18
3767	29
3768	20
3769	48
3770	20
3771	27
3772	47
3773	3
3773	7
3774	35
3775	19
3776	8
3776	18
3776	24
3776	36
3776	49
3777	26
3778	39
3778	48
3779	27
3779	31
3779	41
3780	6
3780	39
3780	47
3780	48
3781	3
3781	7
3781	9
3781	42
3782	35
3783	13
3784	38
3785	19
3786	45
3787	35
3788	25
3789	4
3790	0
3791	39
3791	45
3791	48
3792	23
3793	8
3793	32
3794	33
3795	33
3796	1
3796	36
3796	40
3797	9
3797	26
3798	26
3799	40
3800	2
3801	25
3801	33
3802	26
3802	33
3803	33
3803	43
3804	10
3804	35
3805	3
3806	26
3807	26
3808	41
3808	48
3809	47
3810	23
3810	39
3811	6
3812	10
3813	17
3814	16
3814	23
3815	25
3816	33
3816	43
3817	15
3818	1
3819	34
3820	26
3821	4
3822	20
3822	33
3822	43
3823	26
3824	10
3824	12
3824	23
3824	33
3825	1
3825	47
3826	47
3827	32
3828	27
3828	41
3829	14
3830	10
3830	37
3831	9
3831	41
3832	33
3833	34
3834	14
3834	41
3835	3
3835	40
3836	33
3837	5
3837	40
3838	12
3838	14
3839	2
3839	12
3840	18
3841	41
3842	22
3842	34
3842	49
3843	38
3843	40
3844	25
3844	26
3845	43
3846	3
3847	31
3847	34
3848	13
3848	17
3848	22
3848	28
3849	45
3850	8
3851	31
3852	40
3853	31
3854	7
3854	18
3855	38
3856	14
3856	39
3857	31
3858	36
3859	3
3859	40
3860	38
3861	34
3862	38
3863	40
3864	19
3864	27
3865	25
3866	8
3867	5
3868	26
3869	8
3869	13
3869	17
3869	37
3870	3
3870	6
3871	6
3871	36
3871	43
3872	25
3873	25
3874	33
3874	41
3875	31
3876	0
3876	20
3877	26
3878	47
3879	41
3880	35
3881	23
3881	25
3881	43
3882	48
3883	18
3884	5
3885	1
3885	34
3886	25
3887	3
3887	7
3887	20
3888	33
3888	37
3889	36
