0	3
1	16
2	11
3	2
4	9
5	2
5	4
5	18
5	28
6	13
7	0
7	3
8	12
9	2
9	4
10	2
10	3
10	15
11	2
12	2
13	1
14	12
14	31
15	2
16	2
16	4
16	18
17	9
18	17
19	26
20	17
21	2
22	0
22	14
22	19
23	3
24	14
25	4
26	3
27	2
28	15
29	14
29	19
30	0
30	1
30	4
30	5
30	8
30	14
30	19
30	28
31	4
32	0
32	17
32	34
33	12
34	22
35	8
36	3
37	8
37	29
38	1
39	9
40	26
41	17
42	23
42	24
43	1
43	5
44	3
44	4
44	29
45	4
45	8
46	0
46	7
47	30
47	36
48	0
49	17
49	26
50	26
51	0
51	20
52	0
52	4
52	7
52	8
52	14
52	19
52	28
53	5
54	7
54	12
55	2
56	0
56	7
57	4
57	8
58	3
59	0
60	0
61	25
62	0
63	0
63	4
63	8
63	19
63	28
64	20
65	17
66	8
67	0
67	4
67	8
67	14
67	28
68	4
68	21
69	2
69	4
70	0
70	4
70	7
70	8
70	14
70	19
70	28
71	0
71	14
72	4
72	8
73	0
73	4
73	8
73	14
73	19
73	28
74	2
74	4
74	18
75	2
76	20
77	3
77	4
77	39
78	1
78	5
78	8
79	0
79	4
79	8
80	0
81	34
82	0
82	4
82	8
82	14
82	19
83	17
84	4
85	14
85	19
86	4
87	1
87	5
88	2
89	15
89	22
90	0
90	8
91	0
91	20
92	17
93	0
94	2
94	4
95	3
96	0
97	3
98	0
98	7
98	12
98	28
99	0
99	12
100	0
101	0
102	0
102	1
102	8
102	14
102	19
102	28
103	2
104	5
104	8
105	7
106	8
107	0
107	14
107	19
108	0
109	0
109	4
109	7
109	8
109	19
109	28
109	33
110	2
111	2
111	4
112	0
112	6
113	0
113	4
114	0
114	38
115	2
115	4
115	18
116	0
116	5
116	19
116	28
117	0
117	8
118	4
118	8
119	14
119	19
120	7
121	4
121	23
121	24
122	2
122	4
122	18
123	0
124	2
124	18
125	0
126	2
127	6
128	0
129	2
130	2
131	0
131	8
131	12
131	14
131	19
131	28
131	33
132	4
132	14
132	19
133	28
133	32
134	8
135	0
136	4
136	8
137	0
137	14
137	19
138	0
138	1
138	4
138	6
138	7
138	8
138	14
138	19
138	28
139	8
140	3
140	9
141	8
142	0
142	14
143	0
144	25
145	20
146	0
146	8
147	7
148	0
148	8
148	19
148	28
149	1
149	5
150	0
150	8
151	0
151	7
151	8
151	12
151	28
152	1
152	5
153	8
153	14
154	0
154	2
154	4
154	7
154	8
154	14
154	19
154	28
155	1
156	2
156	8
156	14
157	0
158	8
159	0
159	14
159	19
160	7
161	0
162	3
163	0
163	1
163	8
163	14
163	28
164	7
165	0
165	5
165	8
165	28
166	2
166	4
166	18
167	0
167	4
167	8
167	28
168	5
168	8
169	0
170	4
170	8
171	0
171	14
172	0
173	0
173	19
174	0
174	4
174	8
175	1
175	5
176	0
176	28
177	0
178	0
179	4
180	3
181	1
182	0
183	7
183	12
184	10
185	8
185	28
186	8
187	0
188	0
189	0
189	4
189	8
190	1
190	5
191	0
192	17
193	3
194	8
195	2
196	2
196	4
197	0
197	28
198	8
199	0
200	0
200	4
201	0
202	7
203	14
203	19
204	4
205	2
206	0
207	0
207	4
207	7
207	8
207	14
207	28
208	0
208	8
208	14
208	19
208	28
209	0
210	2
210	8
210	28
211	25
212	0
213	8
214	8
215	5
215	14
215	19
216	8
217	0
218	0
218	19
218	28
219	0
219	8
220	0
221	2
222	0
222	1
222	4
222	7
222	8
222	19
222	28
223	4
223	8
224	0
224	14
224	19
225	8
226	8
226	14
226	19
227	0
227	8
228	4
229	0
229	14
229	19
230	1
230	5
231	0
232	8
233	17
234	0
235	0
236	0
236	28
237	0
237	4
237	8
238	0
238	1
238	5
239	2
240	7
241	2
241	4
242	4
242	8
243	2
244	0
245	8
246	8
247	0
248	0
249	0
249	4
249	19
249	28
250	0
250	8
250	14
250	19
251	0
251	8
251	28
252	3
253	8
254	0
254	1
254	5
254	14
255	0
256	7
257	0
258	0
258	6
258	8
259	34
260	0
261	8
262	4
263	6
264	1
264	5
265	0
266	0
267	7
268	8
269	8
270	8
271	8
271	14
272	0
272	8
273	8
274	0
274	8
275	0
275	8
275	14
276	0
276	1
276	4
276	5
276	8
277	0
278	8
279	0
279	4
279	8
280	8
281	1
281	5
282	1
282	5
282	8
283	0
283	14
283	19
284	20
285	0
286	34
287	4
288	28
289	12
290	0
290	8
290	19
291	0
292	0
292	8
292	14
292	28
293	7
294	0
294	7
295	0
295	6
296	0
296	7
297	0
297	28
298	1
299	2
300	1
300	5
301	0
301	7
302	0
302	7
303	28
304	0
304	14
305	0
306	4
306	8
307	0
307	8
308	4
309	0
310	0
311	4
311	8
312	0
313	0
313	14
313	28
314	1
314	5
315	4
315	8
316	23
317	0
318	0
318	19
319	0
320	0
320	8
320	19
320	28
321	7
322	0
322	14
322	19
323	0
324	2
324	4
324	18
325	8
326	0
326	7
327	0
327	8
328	0
328	7
328	8
328	12
328	28
329	0
330	1
330	5
331	7
332	7
333	7
334	0
334	14
334	19
335	14
335	19
336	0
336	14
336	19
337	0
338	0
339	0
340	8
341	8
342	1
342	5
343	1
343	5
343	8
344	4
345	8
346	7
346	12
347	0
347	28
348	0
348	4
348	8
348	18
349	0
349	2
349	4
349	28
349	33
350	4
351	0
351	8
352	0
352	19
353	7
354	0
354	4
354	8
355	8
356	7
357	0
358	20
359	8
360	0
360	8
360	28
360	33
361	0
362	8
363	1
363	5
364	12
365	8
366	0
366	14
367	0
368	0
368	7
368	12
369	0
370	8
371	0
371	14
371	19
372	8
373	7
373	12
374	8
375	0
376	4
376	8
376	14
377	0
378	8
379	0
379	8
379	19
380	11
381	0
382	8
383	0
383	6
384	7
385	7
386	0
386	14
386	19
387	0
388	0
388	8
389	0
390	0
390	8
391	28
392	8
393	0
394	0
394	4
394	8
395	8
396	7
396	12
397	1
397	5
398	0
399	1
400	17
401	0
402	0
402	4
402	8
402	19
402	28
403	0
404	1
404	5
405	34
406	0
406	8
406	28
407	0
407	8
408	0
408	4
408	8
408	14
408	19
408	28
409	0
410	0
411	4
412	8
413	7
413	12
414	0
414	7
415	8
416	0
416	28
417	7
418	0
418	8
419	7
420	7
421	0
422	0
423	2
424	0
424	8
425	0
426	0
427	0
428	8
429	4
429	8
429	14
429	30
430	0
430	14
430	19
431	0
432	7
433	8
434	0
434	2
434	8
435	1
435	5
435	8
436	7
437	7
438	8
439	0
439	8
439	28
440	7
440	12
441	0
442	5
442	8
443	0
443	19
444	0
444	8
445	4
446	1
446	5
446	8
447	0
447	8
447	14
448	17
449	23
450	0
451	1
451	5
452	8
453	0
453	14
453	19
454	0
455	0
455	4
455	19
455	28
456	0
456	14
456	19
457	7
458	7
459	0
460	8
461	7
462	0
463	0
464	0
465	0
465	14
465	19
466	0
466	1
466	8
466	19
466	28
467	7
467	12
468	0
469	0
469	20
470	34
471	0
471	8
472	0
473	0
474	0
475	0
475	14
476	8
477	7
478	8
479	0
480	1
480	5
480	8
481	1
481	5
482	0
482	8
482	28
483	8
484	4
485	4
485	8
486	7
486	12
487	8
488	7
488	12
488	28
489	8
490	0
490	14
491	7
492	7
493	8
494	8
495	0
496	0
496	1
496	8
497	6
498	28
498	33
499	0
500	2
500	18
501	0
502	0
503	4
504	0
505	0
506	14
506	19
507	0
507	14
507	19
508	0
509	30
509	36
510	0
510	8
511	0
511	8
512	0
512	19
513	8
514	0
514	8
515	0
515	8
515	19
515	28
516	4
516	8
517	8
518	2
519	7
519	12
520	0
521	2
521	4
521	8
522	0
523	0
523	2
523	4
523	12
523	14
523	28
524	7
524	12
525	8
526	0
527	0
527	14
527	19
528	0
529	0
530	1
530	5
531	8
532	0
533	7
534	0
535	5
536	0
536	28
537	0
537	14
538	0
539	14
539	19
540	0
540	14
540	19
541	0
541	8
542	0
542	8
543	4
544	0
544	7
545	0
545	14
546	7
547	0
548	0
549	0
549	14
549	19
550	0
551	17
552	0
552	6
553	0
554	0
555	4
555	30
555	36
556	7
556	12
557	0
558	0
559	8
560	7
561	3
561	4
561	9
562	0
562	14
563	1
563	5
564	0
564	19
564	28
565	0
566	8
567	12
568	8
569	1
569	5
570	1
570	5
571	33
572	0
572	2
572	4
572	19
572	28
573	4
573	8
574	0
574	6
575	0
575	8
576	0
576	4
577	0
578	8
579	1
579	5
580	7
581	0
581	14
581	19
582	0
582	14
583	8
584	4
584	8
585	0
586	0
587	2
588	0
588	6
589	6
590	0
591	8
591	28
592	0
593	0
593	14
593	19
594	8
595	17
596	0
596	19
596	28
597	8
597	14
597	19
598	0
598	14
598	19
598	20
599	7
600	0
601	8
602	0
602	19
603	7
604	8
605	1
605	5
606	0
607	0
608	0
608	8
609	5
609	8
610	0
611	8
612	0
612	28
613	0
613	14
613	19
614	2
615	0
615	1
615	4
615	7
615	28
616	0
617	0
617	8
618	0
618	2
618	4
618	28
619	7
619	12
620	0
620	28
621	2
622	0
623	2
623	4
623	18
624	0
625	0
626	7
627	8
628	0
629	1
629	5
630	0
630	8
630	14
630	19
631	0
632	0
633	0
633	7
633	8
634	0
635	0
636	26
637	7
638	0
638	14
639	0
639	1
640	12
641	0
641	8
642	5
643	8
644	0
645	7
646	4
647	0
648	0
648	28
649	0
650	0
650	14
650	19
650	28
651	4
652	7
653	1
653	5
654	1
655	0
656	0
657	0
658	7
659	0
660	1
661	0
661	14
661	28
662	6
663	8
664	4
665	7
665	12
666	0
667	0
668	7
669	14
669	36
670	0
670	19
671	0
672	2
672	4
672	18
673	0
673	14
674	34
675	0
676	0
676	8
677	0
678	0
678	8
679	0
680	14
680	19
681	7
682	4
683	5
683	8
684	2
685	0
685	14
686	0
687	0
688	0
689	0
689	8
690	7
691	23
692	0
693	4
694	0
694	5
694	8
694	14
694	19
695	1
695	5
695	8
696	0
696	7
697	0
698	0
698	2
698	8
699	0
700	0
700	14
701	4
701	8
702	0
702	8
702	28
703	0
704	0
705	0
706	7
707	7
708	8
709	8
710	4
711	7
712	33
713	7
714	0
715	7
716	4
717	0
718	7
719	4
720	14
720	19
721	7
722	8
723	7
724	32
725	1
725	5
726	0
727	0
728	7
729	0
730	0
731	7
732	0
733	8
734	0
734	8
735	8
735	14
735	19
736	20
737	8
738	33
739	0
740	1
740	5
741	0
742	7
742	12
743	0
743	28
744	0
744	28
745	0
746	4
747	8
748	0
749	0
749	8
750	8
751	1
751	5
752	4
752	30
752	36
753	1
753	5
754	7
755	0
755	28
756	8
757	7
758	0
758	19
759	1
759	5
760	0
760	14
760	28
761	0
762	0
763	0
764	0
764	8
765	8
766	7
767	7
768	7
769	8
770	0
771	0
772	0
773	0
774	0
775	0
776	0
777	34
778	0
779	0
780	0
780	6
781	7
782	1
782	5
783	0
784	4
785	0
786	35
787	8
788	1
788	5
788	8
789	8
790	0
790	14
790	28
791	0
792	4
792	18
793	0
794	0
795	0
796	1
796	5
797	7
797	12
798	0
798	8
799	0
799	8
800	0
800	19
801	0
802	0
803	0
804	0
804	28
805	1
805	5
806	5
806	8
807	0
808	0
808	8
809	0
810	0
811	7
811	12
812	0
813	0
814	14
814	19
815	5
815	8
816	0
816	19
817	7
818	7
819	4
820	1
820	5
821	0
822	4
823	7
824	1
824	5
824	8
825	8
826	0
826	7
826	12
826	28
827	0
828	7
829	0
829	8
830	1
830	5
831	0
832	1
832	5
833	0
834	0
835	8
836	0
837	0
837	14
837	19
837	28
837	33
838	0
838	8
839	7
840	0
840	8
840	28
841	7
842	11
843	1
843	5
844	2
845	8
846	7
846	12
847	7
848	0
849	7
850	0
851	14
851	19
852	0
853	14
853	19
854	1
854	5
855	8
856	7
857	8
858	0
859	0
859	14
859	19
860	0
861	0
861	19
862	0
862	8
862	28
863	1
863	5
864	0
865	8
865	14
866	0
867	1
867	5
868	0
869	0
870	0
871	0
871	8
872	0
872	6
873	0
873	14
873	19
874	0
875	4
876	4
877	8
878	1
878	5
879	0
879	8
879	19
879	28
880	0
880	4
881	0
881	8
881	19
881	28
882	7
883	0
883	14
884	8
885	0
886	4
887	0
887	8
888	0
889	0
890	7
891	0
891	19
891	28
892	0
892	28
893	0
893	4
894	7
895	7
896	0
897	0
897	8
898	0
899	0
899	8
900	7
900	12
901	7
901	12
902	7
903	8
904	1
904	5
905	0
906	1
906	5
907	14
907	19
908	0
908	14
908	19
909	4
910	7
911	0
912	0
912	5
912	14
913	0
913	8
913	28
914	2
914	14
915	7
916	7
917	7
917	12
918	0
918	14
918	19
919	1
919	5
919	8
920	0
921	5
922	0
923	0
924	8
925	0
926	7
927	6
928	14
928	19
929	0
929	7
929	12
929	14
929	28
930	0
930	8
930	14
931	8
932	0
933	0
934	0
934	8
935	27
936	7
937	8
938	0
938	14
939	0
940	12
941	0
942	7
943	0
944	8
945	0
945	4
945	8
946	0
947	7
948	0
949	0
949	14
949	28
950	5
951	14
952	6
953	33
954	0
954	8
955	8
956	0
956	14
957	1
957	5
958	1
958	5
959	8
960	7
961	0
961	28
962	4
963	0
963	1
963	4
963	14
963	28
964	0
965	0
965	8
966	12
967	8
967	14
967	19
968	0
969	0
969	14
969	28
970	7
971	26
972	8
973	0
974	4
975	0
976	0
976	8
977	8
978	7
979	0
979	14
979	19
980	14
980	19
981	1
981	5
981	14
982	0
983	0
983	8
983	28
984	4
985	0
985	14
986	0
986	14
987	0
987	8
987	28
988	0
989	0
990	4
991	0
992	14
992	19
993	0
993	4
993	28
994	5
995	7
996	7
997	0
998	14
998	19
999	7
1000	8
1001	0
1002	7
1003	14
1003	19
1004	0
1005	0
1006	0
1007	0
1007	8
1007	14
1007	28
1008	0
1008	19
1008	28
1009	0
1010	7
1010	12
1011	4
1012	0
1012	8
1013	5
1013	14
1013	19
1014	12
1015	0
1016	0
1017	0
1017	14
1017	19
1018	0
1019	7
1019	12
1019	28
1020	0
1021	5
1021	28
1022	7
1023	1
1023	5
1024	4
1024	8
1025	1
1025	5
1026	7
1027	0
1028	14
1028	19
1029	0
1029	8
1030	14
1030	19
1031	7
1032	6
1033	0
1034	0
1035	0
1035	19
1035	28
1036	0
1037	7
1038	0
1039	0
1040	0
1041	8
1042	0
1043	2
1043	4
1043	8
1044	4
1045	0
1046	8
1047	7
1048	0
1049	8
1050	0
1051	1
1052	7
1052	12
1053	14
1053	19
1054	0
1054	8
1054	14
1055	0
1055	14
1055	19
1056	14
1056	19
1057	14
1057	19
1058	0
1058	8
1058	14
1058	19
1059	7
1060	0
1061	0
1062	0
1063	7
1064	8
1065	0
1066	0
1067	2
1068	22
1069	8
1070	7
1071	7
1072	4
1073	0
1074	8
1075	0
1076	0
1076	8
1076	28
1077	7
1078	0
1079	0
1079	5
1079	19
1079	28
1079	33
1080	0
1081	0
1081	6
1082	7
1083	7
1084	1
1084	5
1085	8
1086	1
1086	5
1087	7
1088	0
1088	8
1089	0
1090	8
1091	0
1092	4
1092	8
1093	33
1094	0
1095	0
1096	28
1097	0
1097	14
1097	19
1098	7
1099	0
1099	14
1100	0
1101	36
1102	7
1103	0
1103	19
1104	0
1105	0
1105	4
1105	8
1105	29
1106	0
1107	36
1108	23
1109	1
1109	5
1109	8
1110	0
1110	14
1111	14
1111	19
1112	0
1112	6
1113	1
1113	5
1114	7
1114	12
1115	0
1116	0
1116	14
1117	0
1118	0
1118	8
1118	28
1119	8
1120	8
1121	0
1121	14
1121	19
1122	1
1122	5
1122	8
1123	0
1124	7
1125	7
1126	0
1127	8
1128	0
1129	1
1129	5
1130	8
1131	1
1131	5
1132	0
1132	4
1132	19
1132	28
1133	0
1133	1
1133	5
1133	14
1134	1
1134	5
1135	1
1135	5
1136	0
1137	7
1138	1
1138	5
1139	12
1140	0
1140	7
1140	12
1140	14
1140	28
1141	6
1142	0
1143	0
1143	8
1144	1
1144	5
1145	8
1146	1
1146	5
1147	7
1148	8
1149	7
1150	0
1151	0
1152	0
1153	7
1154	0
1155	1
1155	5
1156	7
1157	0
1158	7
1159	7
1160	0
1160	8
1160	19
1161	8
1162	12
1163	6
1164	14
1164	19
1165	0
1166	8
1167	6
1168	0
1168	14
1169	0
1169	8
1169	28
1170	14
1170	19
1171	8
1172	14
1172	19
1173	0
1174	8
1175	7
1176	0
1176	14
1177	5
1178	8
1179	7
1179	12
1180	8
1181	7
1182	8
1183	7
1183	12
1184	1
1184	5
1185	0
1186	8
1187	8
1188	0
1189	7
1190	1
1190	5
1190	8
1191	0
1191	14
1191	19
1192	14
1192	19
1193	7
1194	0
1194	14
1194	19
1195	0
1196	12
1197	7
1198	1
1199	7
1200	0
1201	4
1202	0
1202	28
1203	33
1204	14
1205	7
1206	6
1207	7
1208	4
1208	8
1209	8
1210	7
1211	8
1212	0
1212	14
1213	0
1214	9
1215	4
1216	1
1216	5
1216	8
1217	4
1218	7
1219	0
1220	0
1221	0
1221	28
1222	7
1223	0
1224	0
1225	4
1226	0
1227	0
1228	0
1229	0
1230	12
1231	8
1232	7
1233	14
1233	19
1234	0
1235	0
1236	0
1237	0
1237	14
1238	8
1239	0
1240	1
1240	5
1241	7
1242	4
1243	1
1243	5
1244	1
1244	5
1245	4
1246	0
1247	0
1248	0
1248	14
1248	19
1249	4
1250	0
1250	28
1251	2
1252	1
1252	5
1253	0
1254	1
1255	4
1256	8
1257	4
1257	9
1258	0
1259	0
1260	4
1261	1
1261	5
1261	8
1262	7
1263	0
1264	7
1265	7
1266	0
1267	0
1268	0
1268	7
1268	8
1268	28
1269	0
1270	0
1271	0
1271	14
1271	19
1272	8
1273	0
1273	8
1274	0
1275	0
1275	8
1276	7
1277	0
1278	7
1279	14
1279	19
1280	0
1281	0
1282	14
1282	19
1283	6
1284	0
1285	0
1286	0
1287	0
1288	7
1289	0
1290	0
1291	5
1292	0
1293	0
1294	0
1294	6
1294	8
1295	4
1296	1
1296	5
1296	8
1297	0
1298	0
1298	14
1299	0
1299	4
1299	14
1300	8
1301	0
1302	0
1303	0
1303	14
1303	19
1304	0
1304	6
1305	4
1305	8
1306	0
1306	4
1307	0
1307	8
1308	0
1309	7
1310	7
1311	0
1312	0
1313	0
1314	0
1314	8
1315	0
1315	28
1316	0
1316	14
1317	0
1317	8
1318	7
1318	12
1319	1
1319	5
1320	0
1321	0
1322	8
1323	0
1324	7
1324	12
1325	7
1325	12
1326	33
1327	4
1328	2
1328	4
1329	0
1330	0
1331	7
1332	4
1333	0
1333	14
1334	0
1334	28
1335	7
1336	0
1336	28
1337	1
1337	5
1338	7
1339	0
1340	7
1340	12
1341	7
1342	7
1343	14
1343	19
1344	7
1345	7
1346	1
1346	5
1347	14
1347	19
1348	12
1349	0
1349	8
1350	8
1351	0
1351	19
1351	28
1352	0
1353	33
1354	0
1355	7
1356	0
1357	7
1358	8
1359	7
1360	4
1361	0
1361	1
1361	5
1361	14
1362	0
1362	28
1363	0
1364	7
1365	12
1366	12
1367	0
1367	14
1367	19
1368	7
1369	0
1369	1
1369	28
1370	7
1371	34
1372	7
1373	0
1373	14
1373	19
1374	0
1374	6
1375	0
1376	25
1377	0
1378	0
1379	0
1379	19
1380	8
1381	0
1381	14
1382	7
1383	0
1383	14
1384	0
1385	7
1386	0
1387	0
1387	14
1388	1
1388	5
1389	8
1390	7
1390	28
1391	1
1391	5
1392	33
1393	0
1393	28
1394	0
1394	1
1394	5
1394	19
1395	0
1396	7
1397	0
1398	0
1399	0
1400	4
1401	7
1402	4
1403	5
1403	8
1404	0
1405	0
1406	1
1406	5
1406	8
1407	1
1407	5
1408	4
1409	0
1409	28
1409	33
1410	0
1410	8
1410	28
1411	1
1411	5
1411	8
1412	7
1413	8
1414	8
1415	7
1416	0
1417	5
1418	0
1418	28
1419	4
1420	0
1421	0
1422	0
1422	14
1422	28
1423	0
1423	14
1424	7
1425	1
1425	5
1426	0
1426	14
1427	7
1427	12
1428	8
1429	0
1430	0
1431	0
1432	0
1433	1
1433	5
1433	8
1434	1
1434	5
1435	0
1435	8
1436	6
1437	0
1438	0
1438	28
1439	7
1440	0
1441	14
1441	19
1442	0
1442	8
1442	28
1443	0
1444	6
1445	8
1446	1
1446	5
1447	1
1447	5
1448	1
1448	5
1449	0
1449	8
1449	28
1450	8
1451	0
1451	28
1452	14
1452	19
1453	0
1453	14
1453	19
1454	0
1455	0
1456	0
1457	0
1458	0
1458	28
1459	8
1460	8
1461	0
1462	0
1463	4
1464	7
1465	1
1465	5
1465	8
1466	0
1467	0
1467	28
1468	2
1469	7
1470	7
1471	0
1471	8
1472	8
1473	0
1473	6
1474	8
1475	0
1476	0
1477	6
1478	8
1479	0
1479	14
1480	1
1481	14
1481	19
1482	0
1483	0
1484	7
1485	0
1485	8
1486	0
1487	1
1487	5
1488	1
1488	5
1489	0
1489	14
1489	19
1490	7
1491	0
1492	7
1493	7
1494	6
1494	8
1495	0
1496	8
1497	0
1498	0
1499	34
1500	0
1500	4
1500	28
1501	0
1501	6
1502	34
1503	7
1504	0
1505	2
1506	0
1507	5
1507	8
1508	0
1509	0
1510	7
1511	0
1512	0
1513	0
1514	0
1515	1
1515	5
1516	1
1516	5
1516	8
1517	0
1518	1
1518	5
1519	0
1520	0
1520	14
1520	19
1521	4
1522	0
1523	0
1523	8
1524	8
1525	0
1525	8
1526	7
1527	0
1527	8
1527	28
1528	0
1529	4
1530	8
1531	7
1532	12
1533	1
1533	5
1534	0
1535	0
1536	7
1537	0
1538	0
1538	14
1539	0
1539	6
1540	0
1541	0
1541	8
1541	28
1542	1
1542	5
1543	7
1544	0
1545	0
1546	0
1546	8
1546	19
1546	28
1547	1
1547	5
1548	8
1549	7
1550	8
1551	0
1552	0
1553	0
1553	14
1553	19
1554	0
1554	14
1555	7
1555	8
1555	28
1556	6
1557	1
1557	5
1558	7
1559	8
1560	7
1561	0
1562	0
1562	14
1563	0
1563	14
1564	0
1564	19
1565	0
1565	1
1565	28
1566	14
1566	19
1567	8
1568	28
1569	0
1569	7
1569	28
1570	0
1571	0
1571	6
1572	8
1573	0
1574	7
1574	28
1575	0
1576	0
1577	6
1578	0
1579	28
1579	32
1580	7
1581	0
1582	0
1583	0
1583	14
1584	1
1584	5
1585	0
1586	0
1587	8
1588	0
1589	4
1590	4
1591	0
1592	8
1593	4
1594	7
1595	5
1595	8
1596	14
1596	19
1597	0
1597	19
1598	0
1599	34
1600	0
1601	0
1601	19
1601	28
1602	0
1602	8
1603	7
1604	0
1605	0
1606	0
1606	28
1607	3
1607	28
1607	33
1608	0
1608	28
1609	0
1610	7
1611	0
1611	8
1612	0
1613	0
1613	14
1613	19
1614	1
1614	5
1614	8
1615	0
1615	8
1615	28
1616	8
1617	0
1617	8
1618	7
1618	28
1619	0
1619	14
1620	0
1621	8
1622	0
1622	8
1623	8
1624	0
1625	34
1626	0
1627	0
1628	0
1629	8
1630	0
1630	7
1630	12
1631	1
1631	5
1632	36
1633	23
1634	1
1634	5
1635	14
1635	19
1636	7
1637	0
1638	0
1639	8
1640	4
1641	0
1642	7
1643	8
1644	0
1645	8
1646	1
1647	0
1647	6
1648	7
1649	7
1650	7
1651	0
1652	0
1653	8
1654	0
1655	0
1655	19
1656	0
1657	4
1658	0
1659	12
1660	8
1661	5
1662	0
1663	0
1664	0
1665	0
1665	1
1665	5
1665	14
1666	0
1666	14
1666	19
1667	0
1668	7
1669	7
1670	0
1671	7
1671	8
1671	12
1671	28
1672	0
1673	7
1674	8
1675	7
1676	8
1677	1
1677	5
1678	0
1678	8
1678	28
1679	8
1680	8
1681	0
1682	0
1682	28
1683	0
1684	0
1685	7
1685	12
1686	8
1687	0
1688	6
1689	0
1690	14
1690	19
1691	7
1691	12
1692	0
1693	1
1693	5
1693	8
1694	8
1695	0
1695	28
1696	0
1697	12
1698	4
1698	19
1699	0
1700	1
1700	5
1701	4
1702	0
1702	28
1703	7
1704	12
1705	0
1706	0
1707	0
1708	14
1708	19
1709	8
1710	8
1711	0
1711	28
1712	7
1712	12
1713	0
1713	14
1714	7
1715	1
1715	5
1716	0
1717	0
1718	0
1718	8
1719	1
1719	5
1720	7
1721	33
1722	0
1723	6
1724	0
1724	14
1725	0
1726	0
1727	0
1727	1
1727	28
1728	0
1728	14
1728	19
1729	14
1729	19
1730	1
1730	5
1731	7
1732	8
1733	12
1734	6
1735	0
1736	0
1737	0
1738	7
1739	7
1740	0
1741	7
1742	1
1742	5
1743	1
1743	5
1744	7
1745	14
1746	1
1746	5
1747	7
1748	8
1749	0
1750	8
1751	8
1752	0
1752	14
1752	19
1753	32
1753	38
1754	0
1755	0
1755	7
1756	34
1757	1
1757	5
1758	7
1759	0
1760	4
1761	0
1762	1
1762	5
1763	4
1764	2
1765	0
1765	8
1766	8
1767	7
1767	12
1768	8
1769	0
1770	7
1771	0
1771	14
1772	1
1773	1
1773	5
1774	0
1774	14
1775	7
1775	12
1776	0
1776	8
1776	19
1777	0
1777	12
1777	19
1778	0
1778	4
1778	19
1778	28
1779	0
1780	6
1780	8
1781	8
1782	8
1783	0
1784	7
1785	0
1785	14
1786	0
1787	0
1787	28
1788	7
1788	28
1789	0
1790	0
1790	14
1790	19
1790	28
1791	1
1791	5
1792	0
1793	8
1794	12
1795	8
1796	0
1796	14
1796	19
1797	0
1797	14
1798	7
1799	8
1800	6
1801	0
1801	8
1802	8
1803	0
1804	12
1805	8
1806	0
1807	36
1808	0
1809	7
1810	8
1811	0
1811	8
1811	14
1812	0
1813	0
1814	0
1814	8
1815	0
1816	0
1816	6
1817	0
1817	28
1818	0
1819	0
1820	8
1821	0
1822	3
1822	9
1823	8
1824	28
1825	8
1826	33
1827	7
1828	14
1828	19
1829	0
1829	14
1829	19
1830	0
1831	1
1831	5
1832	0
1833	0
1834	5
1835	0
1835	28
1836	0
1837	0
1838	0
1839	8
1840	1
1840	5
1841	4
1842	8
1843	7
1844	1
1844	5
1844	8
1845	4
1846	8
1847	14
1847	19
1848	1
1848	5
1848	8
1849	12
1850	7
1851	0
1852	4
1853	0
1854	0
1854	8
1855	0
1855	14
1855	19
1856	0
1856	8
1857	1
1857	5
1858	0
1859	1
1859	5
1859	8
1860	28
1861	0
1862	0
1862	8
1863	0
1863	28
1864	0
1865	1
1865	5
1865	8
1866	0
1866	5
1867	0
1867	6
1868	7
1869	0
1869	8
1870	8
1871	0
1872	0
1873	4
1874	7
1875	0
1876	0
1877	7
1878	6
1879	0
1880	0
1880	8
1880	28
1881	0
1881	19
1882	0
1882	28
1883	0
1884	0
1885	0
1886	0
1886	8
1886	28
1887	0
1888	7
1889	0
1890	0
1891	0
1892	0
1892	14
1893	0
1894	0
1894	28
1895	0
1896	8
1897	8
1898	8
1899	0
1900	0
1901	0
1902	0
1903	0
1904	14
1905	0
1905	8
1906	8
1907	0
1908	7
1909	0
1909	6
1909	8
1910	4
1911	7
1912	0
1912	28
1913	0
1913	7
1913	8
1914	1
1914	5
1915	2
1915	4
1916	0
1916	14
1916	28
1917	6
1918	0
1919	0
1919	8
1919	28
1920	7
1921	2
1922	8
1923	0
1923	28
1924	8
1925	0
1925	7
1925	12
1926	1
1926	5
1927	8
1928	0
1928	7
1928	12
1928	28
1929	7
1930	0
1931	0
1931	6
1932	0
1933	2
1934	8
1935	0
1936	7
1937	7
1938	0
1939	0
1940	0
1941	0
1942	0
1942	6
1943	0
1944	0
1944	14
1944	28
1945	0
1945	14
1946	7
1947	0
1948	0
1949	0
1950	0
1951	4
1952	5
1952	8
1953	7
1954	8
1955	0
1956	0
1957	1
1957	5
1957	8
1958	0
1959	7
1960	5
1960	8
1961	7
1962	0
1963	1
1963	5
1964	1
1964	5
1965	0
1965	14
1966	7
1967	0
1968	12
1969	7
1970	0
1970	4
1970	28
1971	8
1972	0
1972	7
1972	12
1973	8
1974	0
1974	14
1975	7
1975	12
1976	0
1977	14
1977	19
1978	0
1979	12
1980	0
1981	1
1981	5
1982	4
1983	5
1984	6
1985	0
1986	0
1987	0
1987	6
1988	0
1988	8
1989	0
1989	14
1989	28
1990	4
1991	8
1992	1
1992	5
1992	8
1993	0
1994	0
1995	4
1996	0
1997	0
1998	0
1999	1
1999	5
2000	0
2001	0
2001	14
2001	19
2002	0
2002	28
2003	0
2003	28
2004	1
2004	5
2005	0
2006	0
2007	8
2008	0
2008	8
2009	0
2009	8
2010	7
2011	0
2012	0
2013	7
2014	6
2015	8
2016	1
2016	5
2017	0
2018	8
2019	0
2019	6
2020	0
2021	0
2021	28
2022	8
2023	7
2024	0
2025	0
2026	8
2027	8
2028	17
2029	0
2029	28
2030	8
2031	0
2032	7
2033	8
2033	28
2034	7
2035	0
2035	7
2036	8
2037	0
2038	8
2039	8
2040	7
2041	1
2041	5
2041	8
2042	0
2043	0
2044	1
2044	5
2045	4
2045	14
2046	0
2047	0
2048	0
2049	33
2050	12
2051	6
2052	0
2053	0
2054	8
2055	0
2056	0
2057	36
2058	8
2059	7
2060	6
2061	0
2061	28
2062	1
2062	5
2063	7
2063	12
2064	0
2065	1
2065	5
2066	0
2066	8
2066	28
2067	7
2068	8
2069	0
2069	28
2070	7
2071	0
2071	28
2072	8
2073	0
2073	8
2074	0
2074	8
2074	28
2075	0
2076	4
2077	0
2077	8
2078	7
2078	12
2078	28
2079	0
2080	1
2080	5
2081	7
2082	0
2083	0
2083	6
2084	0
2085	0
2086	0
2087	0
2088	0
2089	0
2090	0
2091	0
2092	8
2093	7
2094	1
2094	5
2095	0
2096	1
2096	5
2097	0
2098	0
2099	0
2099	14
2100	0
2100	14
2101	0
2102	0
2103	0
2103	5
2104	7
2105	4
2106	0
2107	4
2108	14
2108	19
2109	6
2110	1
2110	5
2111	0
2111	19
2112	8
2113	1
2113	5
2114	0
2115	4
2116	0
2117	6
2118	8
2119	7
2120	7
2121	0
2121	1
2122	0
2123	7
2124	1
2124	5
2125	8
2126	0
2126	8
2126	28
2127	1
2128	0
2128	7
2129	8
2130	7
2131	36
2132	1
2132	5
2133	0
2133	8
2133	14
2134	0
2134	8
2135	0
2136	1
2137	7
2138	0
2139	7
2140	0
2140	14
2141	6
2142	1
2142	5
2143	0
2144	0
2145	0
2145	6
2146	8
2147	7
2148	0
2149	0
2150	0
2151	7
2152	0
2153	14
2153	19
2154	6
2155	0
2156	7
2156	12
2157	0
2157	8
2158	0
2158	8
2158	19
2159	8
2160	8
2161	2
2162	0
2162	8
2163	7
2164	0
2165	0
2166	0
2166	19
2166	28
2167	8
2168	8
2169	8
2170	8
2171	0
2172	0
2173	0
2173	6
2174	8
2175	0
2175	28
2176	2
2177	0
2177	8
2177	28
2178	7
2178	12
2179	7
2180	0
2180	28
2181	8
2182	14
2182	19
2183	0
2184	1
2185	5
2186	1
2187	8
2188	0
2188	19
2189	1
2189	5
2190	28
2191	0
2191	28
2192	7
2193	7
2194	0
2194	19
2195	4
2196	1
2196	5
2196	8
2197	7
2197	28
2198	0
2199	8
2200	0
2201	7
2202	1
2202	5
2203	0
2204	8
2205	14
2205	19
2206	7
2206	12
2207	0
2207	28
2208	0
2209	0
2210	0
2211	12
2212	8
2213	0
2213	14
2213	28
2214	0
2215	7
2216	8
2217	7
2218	0
2218	14
2219	8
2220	36
2221	8
2222	0
2222	28
2223	0
2223	28
2224	0
2225	1
2225	5
2226	7
2227	0
2228	7
2229	0
2230	1
2230	5
2231	0
2232	0
2232	28
2233	0
2234	0
2235	0
2235	14
2235	19
2236	0
2237	0
2238	7
2239	0
2240	0
2241	12
2242	7
2243	0
2243	8
2244	1
2244	5
2245	0
2246	7
2247	0
2247	28
2248	1
2248	5
2249	7
2250	7
2251	0
2251	8
2251	14
2251	19
2252	0
2253	0
2254	1
2254	5
2255	12
2256	0
2257	3
2257	28
2258	7
2259	0
2260	6
2261	1
2261	5
2262	7
2263	7
2264	7
2265	1
2266	7
2267	0
2267	8
2267	28
2268	7
2269	8
2270	14
2270	19
2271	14
2272	1
2272	5
2273	0
2274	14
2275	12
2276	4
2277	4
2278	0
2279	7
2280	4
2280	8
2281	0
2281	8
2282	0
2283	14
2283	19
2284	0
2284	6
2285	0
2286	0
2286	6
2287	0
2288	12
2289	7
2290	7
2291	0
2292	0
2292	6
2292	8
2293	1
2293	5
2294	1
2294	5
2294	8
2295	0
2295	8
2296	0
2296	28
2297	7
2298	1
2298	5
2299	0
2300	0
2301	1
2301	5
2302	0
2303	0
2304	7
2304	12
2305	7
2306	4
2307	0
2308	4
2309	8
2310	7
2311	7
2312	0
2312	8
2313	7
2314	0
2315	0
2316	32
2317	1
2317	5
2318	1
2318	5
2319	1
2319	5
2320	0
2321	0
2322	0
2323	8
2324	0
2325	0
2326	1
2326	5
2326	8
2327	14
2327	19
2328	8
2329	0
2330	1
2330	5
2331	0
2332	7
2333	8
2334	0
2335	0
2336	1
2336	5
2337	0
2337	19
2337	28
2338	0
2339	3
2339	28
2340	12
2341	7
2341	12
2342	0
2343	0
2343	28
2344	0
2345	7
2346	1
2346	5
2347	1
2347	5
2348	0
2348	8
2349	7
2349	14
2350	7
2350	12
2351	7
2352	0
2352	14
2352	19
2353	0
2354	14
2355	0
2356	8
2357	8
2358	8
2359	7
2360	8
2361	7
2362	14
2362	19
2363	6
2363	8
2364	0
2365	0
2366	0
2366	28
2367	0
2367	8
2367	28
2368	0
2368	8
2369	0
2369	4
2370	7
2371	1
2371	5
2372	4
2373	0
2374	7
2375	1
2375	5
2376	7
2377	7
2378	8
2379	8
2380	1
2380	5
2381	0
2382	0
2383	0
2384	0
2385	1
2385	5
2386	7
2387	0
2387	14
2388	7
2389	0
2389	8
2390	1
2390	5
2391	8
2392	7
2393	0
2394	14
2395	7
2396	6
2397	14
2398	8
2399	0
2400	0
2400	14
2401	8
2401	28
2402	0
2403	7
2404	14
2404	19
2405	0
2406	0
2406	8
2407	7
2408	4
2409	7
2410	8
2411	4
2412	0
2412	28
2413	1
2413	5
2414	6
2415	0
2416	0
2416	28
2417	0
2417	14
2417	19
2418	0
2419	5
2420	1
2420	5
2421	4
2422	6
2423	7
2424	0
2425	8
2426	6
2427	8
2428	4
2429	6
2430	1
2430	5
2431	1
2431	5
2432	1
2432	5
2433	7
2434	0
2435	0
2435	1
2436	1
2436	5
2437	7
2437	12
2438	0
2439	0
2440	7
2441	8
2441	14
2442	0
2442	6
2443	12
2444	1
2444	5
2445	0
2445	14
2445	19
2446	0
2446	14
2447	0
2447	14
2448	7
2448	12
2449	0
2450	0
2451	8
2452	0
2452	28
2453	8
2453	14
2454	0
2455	7
2456	4
2457	0
2458	7
2458	12
2459	0
2460	7
2461	0
2462	8
2463	0
2464	8
2465	0
2465	8
2466	8
2467	0
2468	0
2469	8
2470	4
2471	1
2471	5
2472	1
2472	5
2473	0
2474	0
2474	14
2475	0
2476	8
2477	0
2478	0
2479	0
2479	14
2480	0
2480	28
2481	0
2482	0
2483	0
2484	4
2485	0
2485	6
2486	1
2486	5
2487	0
2488	8
2489	0
2489	8
2489	28
2490	8
2491	8
2492	7
2493	0
2494	0
2495	0
2495	28
2496	7
2497	0
2497	19
2498	0
2499	7
2500	8
2501	0
2502	0
2503	0
2504	0
2505	0
2505	4
2506	4
2507	1
2507	5
2507	8
2508	0
2509	1
2509	5
2510	0
2510	8
2511	7
2511	12
2512	0
2513	14
2513	19
2514	0
2514	8
2515	0
2515	8
2516	7
2517	0
2517	14
2517	19
2517	28
2518	2
2519	8
2520	0
2521	7
2521	28
2522	0
2522	4
2523	0
2524	7
2524	12
2525	7
2525	28
2526	0
2526	28
2527	0
2528	8
2529	14
2529	19
2530	7
2531	7
2532	5
2533	0
2534	1
2534	14
2535	0
2535	28
2536	0
2537	5
2538	0
2539	0
2539	28
2540	0
2541	8
2542	0
2542	8
2543	7
2544	1
2545	0
2546	0
2547	8
2548	0
2549	7
2550	20
2551	0
2551	8
2552	0
2553	0
2554	0
2554	14
2555	0
2556	0
2557	0
2558	0
2559	0
2560	0
2561	0
2562	7
2562	12
2562	28
2563	14
2564	0
2564	8
2565	8
2566	0
2567	0
2568	0
2568	14
2569	0
2569	8
2570	0
2571	7
2572	0
2573	1
2573	5
2574	0
2575	19
2576	7
2577	0
2578	8
2579	8
2580	6
2581	12
2582	1
2582	5
2582	8
2583	7
2583	12
2584	1
2584	8
2585	0
2586	0
2587	0
2588	0
2589	6
2590	0
2591	0
2591	1
2591	5
2592	0
2592	14
2592	19
2593	0
2593	14
2594	0
2594	8
2594	28
2595	7
2595	12
2596	6
2597	0
2598	14
2598	19
2599	0
2599	14
2600	1
2601	0
2601	28
2602	8
2603	0
2604	14
2605	7
2606	12
2607	6
2608	1
2608	5
2609	0
2610	12
2611	0
2612	6
2613	5
2614	0
2614	14
2615	19
2616	7
2617	0
2618	1
2619	6
2620	5
2620	8
2621	0
2621	14
2622	0
2623	1
2623	5
2624	7
2625	7
2626	0
2627	8
2628	0
2628	28
2629	1
2629	5
2630	23
2631	8
2632	8
2633	0
2634	4
2634	8
2635	1
2635	5
2636	0
2636	28
2637	0
2638	14
2638	19
2639	0
2639	14
2640	1
2640	5
2641	0
2642	14
2643	0
2644	8
2645	0
2646	0
2647	0
2647	8
2648	7
2649	8
2650	0
2650	28
2651	0
2651	28
2652	0
2653	0
2653	28
2654	1
2654	5
2655	0
2656	14
2656	19
2657	1
2657	5
2658	8
2659	0
2660	5
2661	1
2661	5
2662	0
2662	8
2663	4
2664	1
2664	5
2665	7
2666	4
2667	7
2668	7
2669	7
2670	8
2671	1
2672	0
2673	4
2674	7
2675	7
2676	0
2677	8
2678	0
2679	0
2680	0
2681	0
2682	7
2683	7
2684	8
2685	8
2686	0
2687	0
2687	28
2688	6
2689	0
2690	0
2691	12
2692	1
2692	5
2693	7
2694	0
2695	14
2696	0
2697	12
2698	0
2698	6
2699	12
2700	8
2701	0
2702	7
2702	28
2703	6
2704	8
2705	0
2706	0
2706	14
2707	0
2708	0
2709	0
2709	28
2710	28
2711	0
2711	28
2712	0
2713	0
2713	28
2714	0
2715	0
2716	0
2717	8
2718	1
2718	5
2718	8
2719	0
2720	4
2721	0
2722	1
2722	5
2723	8
2724	0
2724	8
2725	1
2725	5
2726	0
2727	0
2728	0
2729	7
2730	0
2730	14
2731	0
2731	19
2731	28
2732	0
2733	0
2734	0
2734	28
2735	7
2735	28
2736	0
2737	0
2737	8
2737	28
2738	0
2738	8
2738	28
2739	14
2740	0
2740	6
2741	7
2742	7
2743	0
2744	7
2745	7
2746	0
2746	28
2747	0
2748	0
2749	0
2750	8
2751	5
2752	8
2753	0
2754	7
2755	0
2756	0
2756	19
2757	0
2758	0
2758	14
2758	28
2759	0
2760	14
2760	19
2761	1
2761	5
2762	0
2762	4
2762	7
2762	14
2763	8
2763	14
2763	19
2764	0
2765	0
2765	28
2766	8
2767	0
2767	28
2768	7
2769	0
2769	7
2770	0
2771	17
2772	8
2773	8
2774	4
2775	7
2776	7
2777	0
2777	7
2778	8
2778	28
2779	8
2780	7
2781	0
2781	6
2782	7
2783	0
2783	14
2783	28
2784	0
2785	0
2786	28
2787	0
2788	1
2788	5
2788	8
2789	0
2790	28
2791	28
2792	8
2793	0
2794	0
2794	8
2794	28
2795	4
2796	1
2796	5
2797	8
2798	6
2798	8
2799	0
2800	0
2800	28
2801	4
2802	8
2803	5
2804	0
2805	0
2806	0
2806	8
2807	0
2807	19
2808	7
2808	12
2809	8
2810	8
2811	14
2811	19
2812	0
2813	7
2814	5
2814	8
2815	0
2815	19
2816	28
2817	0
2817	1
2817	8
2817	19
2818	0
2818	14
2819	0
2819	28
2820	0
2821	7
2822	8
2822	28
2823	0
2824	0
2824	28
2825	1
2825	5
2826	0
2826	4
2826	8
2827	0
2827	14
2828	6
2829	4
2830	4
2831	8
2832	0
2833	8
2834	4
2835	7
2836	4
2837	14
2837	19
2838	0
2838	7
2839	1
2839	8
2840	7
2841	8
2842	0
2843	7
2844	0
2845	0
2845	8
2846	7
2847	1
2847	5
2848	0
2849	0
2850	0
2851	0
2852	0
2853	0
2853	6
2854	0
2855	0
2856	0
2856	8
2857	8
2858	5
2858	8
2859	0
2860	14
2860	19
2861	12
2862	8
2863	5
2863	8
2864	0
2865	4
2866	7
2867	7
2868	0
2869	8
2870	1
2870	5
2871	7
2871	12
2872	0
2873	0
2874	0
2875	0
2875	6
2876	8
2877	0
2877	6
2878	0
2878	14
2878	19
2879	0
2880	0
2881	0
2881	28
2882	0
2882	28
2883	1
2884	0
2885	4
2886	0
2887	6
2888	0
2889	0
2889	8
2889	28
2890	8
2891	7
2892	0
2893	7
2894	8
2895	4
2896	7
2897	7
2898	4
2899	0
2900	7
2901	0
2902	8
2903	4
2904	4
2905	0
2906	0
2907	8
2908	1
2908	5
2909	0
2909	8
2910	0
2911	14
2911	19
2912	0
2912	14
2913	8
2914	0
2915	0
2915	6
2916	12
2917	0
2918	8
2919	0
2920	0
2921	1
2921	5
2922	8
2923	7
2924	4
2925	1
2925	5
2926	7
2926	12
2927	7
2928	8
2929	4
2930	0
2931	5
2931	8
2932	7
2933	5
2934	0
2935	0
2935	8
2936	0
2936	28
2937	7
2938	7
2939	1
2939	5
2940	12
2941	0
2942	0
2943	0
2944	7
2945	8
2946	0
2947	7
2948	7
2949	1
2949	5
2949	8
2950	14
2950	19
2951	7
2952	1
2952	5
2953	7
2954	0
2955	0
2955	7
2956	4
2957	0
2958	0
2958	7
2958	14
2959	0
2959	28
2960	8
2961	0
2962	0
2963	0
2964	5
2965	8
2966	32
2967	7
2968	0
2969	7
2970	7
2971	0
2971	28
2972	14
2972	19
2973	0
2973	28
2974	8
2975	14
2975	19
2976	7
2977	7
2978	36
2979	0
2980	0
2980	14
2980	19
2981	4
2981	8
2982	0
2983	12
2984	0
2984	1
2984	5
2984	28
2985	8
2986	4
2987	0
2987	14
2988	0
2989	0
2990	8
2991	4
2992	6
2993	0
2993	28
2994	5
2995	4
2996	5
2997	8
2998	7
2999	0
3000	7
3001	8
3002	14
3002	19
3003	0
3004	8
3005	1
3005	5
3006	0
3007	0
3007	14
3008	0
3008	4
3008	28
3009	5
3009	8
3010	7
3011	8
3011	28
3012	7
3013	0
3014	4
3015	0
3016	0
3016	4
3016	28
3017	0
3018	0
3019	0
3020	0
3021	0
3021	28
3022	0
3023	7
3023	12
3024	0
3024	28
3025	0
3026	0
3026	8
3027	6
3028	0
3029	0
3030	0
3031	7
3032	7
3033	0
3034	0
3034	14
3035	1
3036	8
3036	28
3037	1
3037	5
3038	14
3039	0
3040	0
3040	8
3041	7
3041	12
3042	14
3042	19
3043	0
3044	8
3045	0
3045	4
3045	28
3046	0
3047	1
3047	5
3048	14
3048	19
3049	1
3049	5
3050	6
3051	1
3051	5
3052	0
3052	28
3053	8
3054	7
3054	28
3055	0
3056	0
3057	8
3058	0
3059	8
3059	28
3060	0
3061	8
3062	7
3063	0
3064	0
3064	14
3065	0
3066	7
3067	0
3068	8
3069	7
3070	1
3070	5
3071	0
3072	0
3073	0
3073	8
3074	0
3075	0
3076	0
3077	0
3078	0
3079	6
3079	8
3080	0
3080	14
3081	0
3082	0
3082	7
3083	0
3083	8
3084	12
3085	7
3086	0
3087	6
3088	0
3089	12
3090	6
3091	7
3092	0
3093	1
3093	5
3094	0
3095	0
3096	14
3096	19
3097	0
3097	14
3098	0
3099	0
3100	1
3100	5
3101	0
3102	0
3103	4
3104	7
3105	19
3105	28
3106	7
3107	0
3108	8
3109	1
3109	5
3110	0
3111	0
3112	0
3113	0
3114	7
3115	7
3116	0
3117	0
3117	2
3117	19
3118	0
3119	7
3120	0
3121	7
3122	0
3122	8
3123	0
3124	7
3125	0
3126	0
3127	0
3128	8
3129	1
3129	5
3130	0
3131	0
3132	7
3133	8
3134	5
3135	0
3136	6
3137	5
3137	8
3138	8
3139	8
3140	0
3141	4
3142	14
3142	19
3143	14
3143	19
3144	1
3144	5
3145	14
3145	19
3146	7
3147	0
3147	8
3148	8
3149	6
3150	0
3151	0
3152	7
3153	8
3154	0
3155	0
3155	14
3156	6
3156	8
3157	0
3157	28
3158	8
3158	14
3159	5
3160	0
3161	7
3162	12
3163	8
3164	0
3165	8
3166	8
3167	0
3168	0
3169	0
3169	7
3170	0
3170	28
3171	0
3172	5
3173	0
3174	0
3175	7
3176	5
3177	0
3178	7
3179	7
3180	7
3181	0
3182	5
3183	14
3183	19
3184	1
3184	5
3185	7
3185	14
3185	28
3186	0
3187	0
3187	28
3188	14
3188	19
3189	0
3190	5
3191	1
3191	5
3192	0
3193	8
3194	7
3195	14
3196	8
3197	28
3198	7
3199	0
3200	7
3201	7
3202	8
3203	7
3204	12
3205	5
3206	14
3206	19
3207	7
3208	14
3209	8
3210	1
3210	5
3211	7
3212	8
3213	8
3214	0
3215	7
3216	5
3217	19
3218	0
3219	0
3219	14
3220	5
3221	0
3222	8
3223	7
3224	7
3225	0
3226	8
3227	8
3228	7
3229	14
3229	19
3230	0
3231	0
3231	8
3232	0
3233	7
3234	14
3235	1
3235	5
3235	8
3236	5
3237	0
3238	6
3239	7
3240	0
3240	14
3241	5
3242	14
3243	0
3244	7
3245	8
3246	8
3246	28
3247	0
3247	14
3248	0
3249	8
3250	14
3250	19
3251	5
3252	7
3253	14
3254	12
3255	14
3256	1
3256	5
3257	0
3258	7
3258	12
3259	7
3260	5
3261	7
3262	0
3262	4
3262	28
3263	8
3264	28
3265	0
3266	8
3267	0
3268	0
3269	0
3270	0
3271	7
3272	0
3273	7
3274	36
3275	0
3276	0
3276	19
3277	1
3277	5
3278	0
3278	28
3279	1
3280	0
3280	4
3281	0
3281	14
3281	19
3282	4
3283	0
3284	0
3284	28
3285	1
3285	8
3285	28
3286	0
3286	8
3287	7
3287	12
3288	0
3288	6
3289	8
3290	7
3291	12
3292	0
3293	0
3294	5
3295	0
3295	6
3296	7
3297	14
3297	19
3298	0
3299	0
3299	28
3300	0
3301	0
3302	5
3303	0
3304	0
3304	19
3304	28
3305	14
3306	0
3306	6
3307	0
3308	0
3308	5
3309	8
3310	12
3311	0
3312	7
3313	1
3313	5
3314	0
3315	0
3316	8
3316	19
3316	28
3317	8
3318	0
3319	8
3319	28
3320	0
3321	0
3321	8
3322	0
3323	1
3323	5
3324	0
3325	1
3325	5
3326	14
3326	19
3327	5
3327	8
3328	7
3329	0
3330	14
3331	8
3332	8
3333	7
3333	12
3334	0
3335	4
3336	7
3337	8
3338	14
3339	0
3340	0
3341	8
3342	0
3343	8
3344	7
3345	7
3346	6
3347	8
3348	0
3349	0
3349	8
3350	0
3351	0
3351	28
3352	0
3352	8
3352	28
3353	0
3353	5
3353	28
3354	0
3355	8
3356	0
3357	6
3358	0
3359	8
3360	1
3360	14
3361	0
3362	14
3363	0
3364	0
3365	0
3365	28
3366	0
3366	14
3367	7
3368	0
3369	4
3369	19
3369	28
3370	4
3370	36
3371	7
3371	8
3372	0
3372	28
3373	0
3374	0
3375	7
3375	12
3376	0
3376	28
3377	8
3378	7
3378	12
3379	0
3380	0
3380	8
3381	0
3382	8
3383	0
3383	28
3384	0
3385	0
3386	7
3387	5
3388	0
3389	7
3390	0
3391	0
3391	14
3391	19
3392	0
3393	7
3394	0
3394	8
3394	28
3395	0
3396	0
3397	0
3398	0
3399	0
3399	8
3400	0
3401	8
3402	0
3403	7
3403	12
3404	8
3405	0
3406	7
3407	7
3408	4
3409	0
3409	28
3410	7
3411	8
3412	4
3413	4
3414	4
3414	8
3415	0
3416	0
3416	28
3417	0
3418	8
3419	4
3419	28
3420	8
3421	8
3422	8
3423	0
3423	19
3424	5
3425	8
3426	0
3427	0
3427	8
3427	19
3428	8
3429	14
3429	19
3430	7
3431	7
3432	7
3433	1
3433	5
3434	0
3435	0
3436	0
3437	0
3438	0
3439	0
3440	0
3441	0
3442	0
3443	0
3443	7
3444	0
3445	7
3446	0
3447	0
3447	6
3448	0
3448	8
3449	0
3450	8
3451	5
3452	0
3453	5
3454	6
3455	8
3456	8
3457	0
3457	28
3458	0
3459	4
3460	0
3461	0
3461	8
3461	28
3462	14
3462	19
3463	1
3463	5
3464	0
3465	0
3466	0
3467	0
3468	0
3469	7
3470	0
3470	28
3471	14
3471	19
3472	0
3473	8
3474	0
3475	0
3475	8
3476	1
3476	5
3477	0
3478	8
3479	0
3480	8
3481	0
3481	6
3482	8
3483	0
3484	8
3485	7
3486	0
3487	1
3487	5
3488	5
3488	8
3489	0
3490	7
3491	0
3492	0
3493	14
3493	19
3494	7
3495	7
3496	0
3497	0
3497	14
3497	19
3498	1
3498	5
3499	6
3500	0
3501	5
3501	8
3502	8
3503	7
3504	5
3505	0
3506	7
3507	8
3508	0
3508	14
3509	8
3510	0
3511	0
3512	0
3513	7
3514	0
3515	1
3515	5
3516	0
3517	5
3518	0
3519	7
3520	0
3521	14
3521	19
3522	6
3523	8
3524	6
3525	8
3526	1
3526	5
3527	12
3528	6
3529	7
3530	0
3530	6
3531	0
3532	14
3532	19
3533	1
3534	12
3535	0
3536	1
3536	5
3537	1
3537	5
3537	8
3538	0
3539	12
3540	7
3541	7
3542	0
3543	0
3544	7
3545	0
3546	8
3547	0
3548	8
3549	7
3550	0
3551	0
3552	0
3553	0
3554	0
3555	0
3555	1
3555	19
3556	1
3556	5
3557	12
3558	0
3559	7
3560	7
3561	14
3562	0
3563	12
3564	6
3565	7
3566	4
3567	7
3568	0
3568	28
3569	0
3569	14
3570	0
3571	0
3571	6
3572	5
3573	0
3573	19
3574	8
3575	0
3576	0
3577	4
3578	7
3579	0
3579	6
3580	0
3581	8
3582	0
3582	28
3583	0
3584	0
3584	28
3585	8
3586	0
3586	7
3587	7
3588	0
3589	8
3590	0
3590	14
3591	0
3591	28
3592	0
3593	0
3594	7
3595	8
3596	8
3597	0
3598	5
3599	0
3600	0
3601	0
3602	6
3603	8
3604	0
3604	6
3605	14
3605	19
3606	0
3607	8
3608	7
3609	0
3610	8
3611	4
3612	8
3613	0
3614	0
3614	28
3615	0
3616	0
3617	7
3618	14
3618	19
3619	7
3620	0
3621	0
3622	8
3623	0
3624	0
3625	0
3626	4
3627	4
3628	1
3628	5
3628	8
3629	0
3629	28
3630	0
3631	7
3631	12
3632	0
3632	19
3633	0
3634	7
3635	0
3635	6
3636	0
3636	8
3637	0
3638	0
3639	7
3640	0
3641	0
3641	19
3642	7
3643	0
3644	0
3645	0
3646	7
3647	0
3648	1
3649	0
3650	7
3651	7
3652	0
3652	6
3653	7
3654	4
3655	7
3655	12
3656	8
3657	0
3658	14
3659	7
3660	8
3661	8
3662	28
3663	9
3664	8
3665	7
3666	0
3667	8
3668	8
3669	0
3670	7
3671	4
3672	0
3672	14
3673	8
3674	0
3674	14
3675	7
3676	6
3677	14
3678	0
3679	7
3680	7
3681	15
3682	25
3683	25
3684	0
3685	8
3686	0
3687	0
3687	8
3688	36
3689	26
3690	0
3691	0
3692	31
3692	37
3693	0
3694	0
3695	0
3696	8
3697	1
3697	5
3698	12
3699	14
3700	14
3700	19
3701	7
3702	1
3702	5
3703	14
3704	0
3705	0
3706	1
3706	5
3707	0
3708	8
3709	0
3710	0
3710	28
3711	7
3712	0
3713	0
3714	7
3715	7
3716	7
3717	1
3717	5
3718	7
3719	0
3720	4
3721	5
3721	8
3722	8
3723	0
3723	28
3724	0
3724	8
3724	28
3725	0
3725	28
3726	7
3727	1
3727	5
3728	8
3729	0
3730	7
3731	7
3732	0
3733	0
3733	28
3734	0
3735	0
3736	0
3737	6
3738	0
3739	14
3739	19
3740	12
3741	14
3742	0
3743	0
3744	0
3744	28
3745	0
3745	28
3746	7
3747	0
3748	0
3749	0
3750	4
3751	6
3752	0
3753	0
3753	8
3753	28
3754	14
3754	19
3755	0
3756	0
3756	28
3757	4
3758	14
3758	19
3759	7
3760	1
3761	5
3762	5
3763	8
3763	19
3764	12
3765	0
3766	0
3767	8
3768	0
3769	0
3770	7
3771	5
3772	0
3772	14
3773	7
3774	0
3775	8
3776	8
3777	0
3778	7
3779	0
3780	8
3781	7
3782	1
3783	0
3784	4
3785	0
3786	0
3786	19
3787	8
3788	6
3789	7
3790	12
3791	8
3792	6
3793	2
3794	0
3795	0
3795	28
3796	8
3797	23
3798	34
3799	0
3800	0
3801	7
3802	5
3803	8
3804	0
3805	0
3805	19
3806	7
3807	0
3808	0
3808	19
3808	28
3809	7
3810	0
3811	7
3812	0
3813	7
3814	0
3815	8
3816	8
3817	5
3818	0
3819	0
3820	14
3821	7
3822	0
3823	5
3824	0
3825	0
3825	7
3826	7
3827	14
3828	7
3829	8
3830	0
3831	0
3831	28
3832	7
3833	7
3834	0
3835	0
3836	0
3837	7
3838	0
3839	14
3839	19
3840	7
3841	0
3841	1
3842	0
3842	6
3843	6
3844	0
3844	28
3845	0
3846	0
3847	0
3848	1
3848	5
3849	7
3850	0
3851	1
3852	7
3852	12
3853	7
3854	0
3855	0
3856	0
3857	7
3858	0
3858	28
3859	0
3859	28
3860	7
3861	0
3862	0
3862	7
3863	0
3864	0
3865	7
3866	5
3867	0
3867	8
3867	28
3868	0
3869	28
3870	0
3870	4
3870	28
3871	1
3871	8
3872	23
3873	7
3874	0
3875	0
3876	0
3877	8
3878	6
3879	4
3880	7
3881	0
3882	0
3882	8
3883	7
3884	14
3885	7
3886	0
3886	8
3887	8
3888	0
3889	1
3889	5
3890	7
3891	6
3892	0
3893	0
3894	5
3895	8
3896	0
3897	0
3898	7
3899	4
3900	1
3900	5
3901	0
3902	4
3903	0
3903	6
3903	8
3904	1
3905	1
3905	5
3906	7
3907	7
3908	14
3908	19
3909	6
3909	8
3910	0
3911	0
3912	14
3913	7
3914	0
3914	19
3915	36
3916	14
3917	8
3918	0
3919	7
3920	0
3921	6
3921	8
3922	5
3923	0
3924	0
3924	4
3924	8
3925	7
3926	0
3927	0
3928	12
3929	0
3930	0
3931	0
3932	0
3933	0
3934	7
3935	0
3936	12
3936	28
3937	0
3938	7
3939	1
3939	5
3940	7
3941	8
3942	0
3943	6
3944	0
3945	4
3946	0
3947	7
3948	0
3948	28
3949	0
3950	0
3951	6
3952	0
3952	28
3953	12
3954	0
3955	0
3956	0
3957	7
3958	8
3959	0
3960	14
3960	19
3961	7
3962	12
3963	8
3964	5
3965	0
3966	7
3967	0
3968	0
3969	7
3970	7
3971	0
3972	0
3973	6
3974	0
3975	6
3976	14
3977	0
3977	19
3978	7
3978	12
3979	14
3980	0
3981	0
3981	14
3982	0
3983	0
3984	14
3984	19
3985	7
3986	0
3987	0
3988	0
3988	28
3989	4
3990	6
3991	0
3991	7
3992	0
3993	6
3994	0
3995	7
3996	36
3997	8
3998	0
3999	0
4000	5
4001	8
4002	8
4003	0
4003	28
4004	0
4004	7
4004	28
4005	0
4005	2
4006	14
4006	19
4007	0
4008	0
4009	6
4010	14
4010	19
4011	0
4012	8
4013	2
4013	28
4014	0
4015	0
4016	8
4017	0
4018	7
4019	0
4020	0
4021	8
4022	8
4023	7
4024	5
4025	6
4026	0
4027	8
4028	8
4029	8
4030	28
4031	1
4031	5
4031	8
4032	0
4033	14
4034	7
4035	6
4036	0
4037	8
4038	5
4038	8
4039	0
4039	8
4040	1
4041	6
4042	14
4043	14
4044	7
4045	8
4046	8
4047	7
4047	12
4048	7
4049	14
4050	0
4051	7
4052	7
4053	14
4053	19
4054	8
4055	0
4056	8
4057	7
4058	7
4058	12
4059	1
4059	8
4060	7
4061	0
4062	7
4063	7
4064	6
4065	0
4066	0
4066	14
4067	8
4068	5
4069	0
4070	7
4070	28
4071	0
4072	7
4073	0
4074	0
4074	7
4075	6
4075	8
4076	0
4076	14
4077	0
4078	0
4079	12
4080	0
4081	0
4082	4
4083	6
4084	7
4085	0
4085	8
4086	8
4087	0
4087	8
4088	0
4089	0
4089	8
4090	0
4091	0
4091	28
4092	0
4092	28
4093	4
4094	8
4095	0
4096	0
4097	0
4098	0
4099	0
4100	0
4100	14
4101	0
4102	0
4103	0
4103	28
4104	28
4105	0
4105	14
4106	0
4106	7
4107	0
4108	8
4109	7
4110	19
4110	28
4111	7
4112	0
4113	7
4114	0
4115	8
4116	0
4117	0
4117	7
4118	4
4119	5
4120	5
4121	7
4122	0
4123	7
4124	14
4125	14
4125	19
4126	8
4127	8
4128	0
4129	0
4130	14
4130	19
4131	0
4132	0
4133	8
4134	7
4135	7
4136	0
4137	0
4138	0
4139	7
4140	6
4141	0
4142	8
4143	0
4144	0
4145	0
4146	8
4147	0
4148	7
4149	0
4150	0
4151	7
4152	5
4153	8
4154	0
4155	8
4156	7
4157	0
4157	28
4158	0
4158	28
4159	0
4160	8
4161	8
4162	4
4162	8
4163	0
4164	0
4165	8
4166	0
4167	8
4168	14
4168	19
4169	8
4170	7
4171	0
4172	0
4173	14
4174	12
4175	7
4176	8
4177	0
4178	1
4178	8
4179	4
4180	12
4181	7
4182	0
4183	7
4184	0
4185	8
4186	1
4186	8
4187	0
4188	2
4189	0
4190	0
4191	7
4192	8
4193	8
4194	7
4195	0
4195	14
4196	8
4197	6
4198	7
4199	0
4199	8
4199	28
4200	0
4201	8
4202	7
4203	28
4204	7
4204	28
4205	0
4206	8
4207	0
4208	7
4209	0
4209	28
4210	7
4210	12
4211	7
4211	12
4211	28
4212	0
4213	0
4214	0
4214	28
4215	0
4216	0
4216	28
4217	0
4217	8
4217	19
4218	28
4219	8
4220	12
4221	14
4221	28
4222	1
4222	5
4223	7
4224	0
4225	0
4226	0
4227	7
4228	7
4229	0
4229	6
4230	0
4231	5
4232	1
4232	5
4233	1
4234	7
4234	12
4235	12
4236	8
4237	0
4238	0
4238	28
4239	7
4240	0
4241	0
4242	0
4242	28
4243	0
4243	1
4244	0
4244	1
4245	5
4246	0
4247	7
4248	0
4248	14
4249	1
4250	0
4251	7
4252	23
4253	6
4254	8
4255	7
4256	0
4256	28
4257	12
4258	0
4258	28
4259	0
4260	5
4261	0
4262	0
4262	28
4263	0
4264	0
4265	7
4266	7
4267	8
4268	0
4268	28
4269	0
4269	28
4270	28
4271	8
4272	0
4272	4
4273	0
4274	7
4275	12
4276	7
4276	12
4277	0
4277	28
4278	12
4279	0
4280	0
4281	0
4281	28
4282	0
4282	28
4283	7
4284	0
4285	7
4286	0
4287	0
4287	8
4288	0
4288	8
4289	8
4290	7
4291	0
4291	28
4292	0
4293	7
4294	0
4295	0
4295	28
4296	0
4297	7
4298	0
4299	7
4299	8
4300	0
4301	0
4302	5
4303	8
4304	0
4305	0
4305	28
4305	33
4306	0
4307	28
4308	0
4308	28
4309	8
4310	5
4311	7
4312	8
4313	0
4313	8
4313	28
4314	0
4315	4
4316	7
4317	8
4318	7
4319	0
4320	8
4321	8
4322	8
4323	0
4324	0
4324	28
4325	5
4326	0
4326	7
4327	0
4327	14
4328	7
4329	8
4330	4
4331	7
4332	4
4333	0
4334	28
4335	0
4336	0
4337	8
4338	7
4339	7
4340	14
4341	7
4342	12
4343	0
4343	8
4344	7
4345	8
4346	6
4347	7
4348	7
4349	0
4350	0
4350	28
4351	1
4351	5
4352	0
4353	7
4354	12
4355	8
4356	8
4357	0
4357	8
4358	6
4359	8
4360	5
4360	8
4361	6
4362	0
4363	28
4364	7
4365	20
4366	7
4367	0
4367	8
4368	0
4369	14
4370	7
4371	0
4371	6
4372	0
4372	8
4373	0
4374	0
4375	7
4376	0
4377	14
4377	19
4378	0
4379	0
4380	8
4381	8
4382	0
4383	8
4384	0
4385	12
4386	0
4386	14
4386	19
4387	4
4388	8
4389	0
4390	7
4391	4
4392	7
4393	7
4394	7
4394	28
4395	14
4395	19
4396	0
4397	7
4398	0
4399	7
4399	12
4400	8
4400	9
4401	7
4402	0
4403	8
4404	7
4404	28
4405	0
4406	0
4407	1
4407	5
4408	4
4409	5
4409	8
4410	7
4411	0
4411	6
4412	0
4413	0
4414	0
4415	1
4415	5
4416	0
4417	7
4418	8
4419	19
4420	8
4421	0
4422	0
4423	0
4424	12
4425	6
4426	0
4427	7
4428	0
4429	7
4429	12
4430	0
4431	0
4432	0
4432	8
4433	8
4434	0
4435	0
4436	0
4436	14
4437	0
4438	12
4439	0
4439	6
4440	0
4441	0
4442	8
4443	0
4444	1
4445	6
4446	7
4447	0
4448	8
4449	1
4449	5
4449	8
4450	7
4451	5
4452	6
4453	0
4454	8
4455	8
4456	0
4457	0
4458	0
4458	14
4458	19
4459	0
4460	5
4461	0
4462	0
4463	5
4464	4
4465	14
4466	7
4467	0
4468	4
4469	7
4470	14
4471	0
4471	28
4472	7
4472	12
4473	0
4473	14
4474	0
4475	7
4476	0
4477	0
4477	28
4478	14
4478	19
4479	12
4480	0
4481	1
4481	5
4482	0
4483	6
4484	5
4485	6
4486	0
4487	7
4488	6
4489	0
4490	14
4490	19
4491	0
4492	14
4493	1
4493	5
4494	7
4494	12
4495	0
4496	1
4496	5
4496	8
4497	14
4498	7
4499	14
4499	19
4500	1
4500	5
4501	0
4502	5
4503	0
4503	19
4504	1
4504	5
4504	8
4505	14
4506	0
4507	1
4508	8
4509	1
4510	6
4511	0
4511	14
4512	0
4513	0
4514	8
4515	14
4516	0
4517	12
4518	0
4519	7
4520	0
4521	7
4522	5
4523	5
4524	0
4525	0
4525	28
4526	0
4527	0
4527	28
4528	0
4528	28
4529	6
4530	7
4531	7
4532	0
4533	7
4534	0
4534	28
4535	0
4536	0
4537	7
4538	8
4539	0
4540	0
4540	28
4541	0
4542	0
4542	28
4543	0
4544	8
4545	0
4546	7
4547	0
4548	0
4548	8
4548	19
4549	1
4550	7
4551	7
4552	7
4553	0
4554	8
4555	0
4556	0
4556	19
4557	0
4558	0
4559	5
4560	4
4561	6
4562	4
4563	0
4563	4
4564	0
4565	5
4565	8
4566	0
4567	0
4568	5
4568	8
4569	1
4569	5
4570	4
4571	14
4571	19
4572	0
4572	8
4573	7
4574	8
4575	0
4576	8
4577	7
4578	0
4579	0
4579	8
4580	4
4581	7
4582	8
4583	8
4584	0
4584	28
4585	0
4586	8
4587	5
4588	14
4588	19
4589	8
4590	0
4591	0
4591	28
4592	0
4593	1
4593	5
4594	1
4594	5
4595	8
4596	0
4596	28
4597	0
4598	1
4598	5
4599	0
4600	7
4601	0
4602	0
4603	1
4604	7
4605	4
4606	1
4607	4
4608	14
4609	12
4610	0
4611	0
4612	0
4612	19
4613	12
4614	8
4615	0
4615	14
4616	1
4616	5
4617	0
4618	14
4619	7
4620	0
4621	7
4621	12
4622	0
4623	0
4624	0
4625	8
4626	0
4626	28
4627	0
4628	0
4629	0
4629	7
4630	8
4631	8
4632	7
4633	7
4634	0
4635	0
4636	0
4637	0
4638	0
4639	4
4640	4
4641	34
4642	28
4643	8
4644	17
4645	7
4646	0
4647	0
4647	4
4647	19
4648	5
4649	0
4650	0
4650	14
4651	0
4652	8
4653	5
4653	8
4654	14
4654	19
4655	0
4656	0
4656	2
4657	14
4657	19
4658	1
4658	5
4659	7
4659	12
4660	0
4661	0
4662	12
4663	0
4664	12
4665	7
4666	5
4666	8
4667	0
4668	8
4669	7
4670	8
4671	0
4672	0
4673	0
4674	0
4675	4
4676	0
4677	8
4678	8
4679	12
4680	1
4680	5
4681	8
4682	4
4683	0
4684	1
4684	5
4685	0
4686	0
4687	0
4687	28
4688	0
4688	28
4689	0
4689	28
4690	0
4691	12
4692	14
4692	19
4693	6
4694	7
4695	7
4696	8
4697	0
4698	7
4699	7
4700	8
4701	7
4702	7
4703	1
4703	5
4704	0
4704	14
4705	7
4706	0
4707	0
4707	19
4708	12
4709	0
4710	7
4711	0
4711	8
4712	0
4713	0
4713	19
4714	0
4715	0
4716	8
4717	8
4718	2
4719	0
4720	4
4721	7
4721	12
4721	28
4722	7
4723	1
4723	5
4724	7
4725	0
4726	7
4727	7
4728	0
4728	8
4729	0
4730	28
4731	0
4731	14
4731	34
4732	0
4732	19
4732	28
